[2025-02-08 02:36:43] - INFO - Loaded en_core_web_md model
[2025-02-08 02:36:43] - INFO - Starting dataset processing pipeline...
[2025-02-08 02:36:43] - INFO - Found cached processed data, loading...
[2025-02-08 02:36:43] - INFO - Loaded processed data from cache
[2025-02-08 02:36:43] - INFO - 
=== Converting to SFT Format ===
[2025-02-08 02:36:45] - INFO - Successfully saved 1,467 examples to /home/zahemen/datasets/reddit-finance-250k/sft_cleaned_data.jsonl
[2025-02-08 02:36:45] - INFO - Total processing time: 2.31s
[2025-02-08 03:14:41] - INFO - Loaded en_core_web_md model
[2025-02-08 03:14:41] - INFO - Starting dataset processing pipeline...
[2025-02-08 03:14:41] - INFO - Found cached processed data, loading...
[2025-02-08 03:14:41] - INFO - Loaded processed data from cache
[2025-02-08 03:14:41] - INFO - 
=== Converting to SFT Format ===
[2025-02-08 03:14:44] - INFO - Successfully saved 1,467 examples to /home/zahemen/datasets/reddit-finance-250k/sft_cleaned_data.jsonl
[2025-02-08 03:14:44] - INFO - Total processing time: 2.28s
[2025-02-08 14:27:22] - INFO - Loaded en_core_web_md model
[2025-02-08 14:27:22] - INFO - Starting dataset processing pipeline...
[2025-02-08 14:27:25] - INFO - Successfully loaded 250000 records from /home/zahemen/datasets/reddit-finance-250k/Data.jsonl
[2025-02-08 14:27:25] - INFO - Initial dataset size: 250,000 records
[2025-02-08 14:27:26] - INFO - After score filtering: 137,812 records (55.1% retained)
[2025-02-08 14:27:58] - INFO - After text cleaning: 137,776 records (100.0% retained)
[2025-02-08 14:27:58] - INFO - Starting parallel processing of 137,776 texts...
[2025-02-08 14:28:13] - INFO - Processed 1,000/137,776 texts...
[2025-02-08 14:28:18] - INFO - Processed 2,000/137,776 texts...
[2025-02-08 14:28:24] - INFO - Processed 3,000/137,776 texts...
[2025-02-08 14:28:27] - INFO - Processed 4,000/137,776 texts...
[2025-02-08 14:28:33] - INFO - Processed 5,000/137,776 texts...
[2025-02-08 14:28:38] - INFO - Processed 6,000/137,776 texts...
[2025-02-08 14:28:43] - INFO - Processed 7,000/137,776 texts...
[2025-02-08 14:28:48] - INFO - Processed 8,000/137,776 texts...
[2025-02-08 14:28:53] - INFO - Processed 9,000/137,776 texts...
[2025-02-08 14:28:57] - INFO - Processed 10,000/137,776 texts...
[2025-02-08 14:29:02] - INFO - Processed 11,000/137,776 texts...
[2025-02-08 14:29:07] - INFO - Processed 12,000/137,776 texts...
[2025-02-08 14:29:11] - INFO - Processed 13,000/137,776 texts...
[2025-02-08 14:29:16] - INFO - Processed 14,000/137,776 texts...
[2025-02-08 14:29:21] - INFO - Processed 15,000/137,776 texts...
[2025-02-08 14:29:25] - INFO - Processed 16,000/137,776 texts...
[2025-02-08 14:29:29] - INFO - Processed 17,000/137,776 texts...
[2025-02-08 14:29:34] - INFO - Processed 18,000/137,776 texts...
[2025-02-08 14:29:39] - INFO - Processed 19,000/137,776 texts...
[2025-02-08 14:29:44] - INFO - Processed 20,000/137,776 texts...
[2025-02-08 14:29:49] - INFO - Processed 21,000/137,776 texts...
[2025-02-08 14:29:53] - INFO - Processed 22,000/137,776 texts...
[2025-02-08 14:29:58] - INFO - Processed 23,000/137,776 texts...
[2025-02-08 14:30:01] - INFO - Processed 24,000/137,776 texts...
[2025-02-08 14:30:06] - INFO - Processed 25,000/137,776 texts...
[2025-02-08 14:30:10] - INFO - Processed 26,000/137,776 texts...
[2025-02-08 14:30:15] - INFO - Processed 27,000/137,776 texts...
[2025-02-08 14:30:20] - INFO - Processed 28,000/137,776 texts...
[2025-02-08 14:30:25] - INFO - Processed 29,000/137,776 texts...
[2025-02-08 14:30:30] - INFO - Processed 30,000/137,776 texts...
[2025-02-08 14:30:33] - INFO - Processed 31,000/137,776 texts...
[2025-02-08 14:30:39] - INFO - Processed 32,000/137,776 texts...
[2025-02-08 14:30:45] - INFO - Processed 33,000/137,776 texts...
[2025-02-08 14:30:51] - INFO - Processed 34,000/137,776 texts...
[2025-02-08 14:30:58] - INFO - Processed 35,000/137,776 texts...
[2025-02-08 14:31:03] - INFO - Processed 36,000/137,776 texts...
[2025-02-08 14:31:09] - INFO - Processed 37,000/137,776 texts...
[2025-02-08 14:31:16] - INFO - Processed 38,000/137,776 texts...
[2025-02-08 14:31:24] - INFO - Processed 39,000/137,776 texts...
[2025-02-08 14:31:31] - INFO - Processed 40,000/137,776 texts...
[2025-02-08 14:31:37] - INFO - Processed 41,000/137,776 texts...
[2025-02-08 14:31:44] - INFO - Processed 42,000/137,776 texts...
[2025-02-08 14:31:51] - INFO - Processed 43,000/137,776 texts...
[2025-02-08 14:31:56] - INFO - Processed 44,000/137,776 texts...
[2025-02-08 14:32:02] - INFO - Processed 45,000/137,776 texts...
[2025-02-08 14:32:06] - INFO - Processed 46,000/137,776 texts...
[2025-02-08 14:32:11] - INFO - Processed 47,000/137,776 texts...
[2025-02-08 14:32:16] - INFO - Processed 48,000/137,776 texts...
[2025-02-08 14:32:20] - INFO - Processed 49,000/137,776 texts...
[2025-02-08 14:32:25] - INFO - Processed 50,000/137,776 texts...
[2025-02-08 14:32:30] - INFO - Processed 51,000/137,776 texts...
[2025-02-08 14:32:34] - INFO - Processed 52,000/137,776 texts...
[2025-02-08 14:32:39] - INFO - Processed 53,000/137,776 texts...
[2025-02-08 14:32:44] - INFO - Processed 54,000/137,776 texts...
[2025-02-08 14:32:49] - INFO - Processed 55,000/137,776 texts...
[2025-02-08 14:32:54] - INFO - Processed 56,000/137,776 texts...
[2025-02-08 14:32:59] - INFO - Processed 57,000/137,776 texts...
[2025-02-08 14:33:03] - INFO - Processed 58,000/137,776 texts...
[2025-02-08 14:33:07] - INFO - Processed 59,000/137,776 texts...
[2025-02-08 14:33:12] - INFO - Processed 60,000/137,776 texts...
[2025-02-08 14:33:17] - INFO - Processed 61,000/137,776 texts...
[2025-02-08 14:33:22] - INFO - Processed 62,000/137,776 texts...
[2025-02-08 14:33:27] - INFO - Processed 63,000/137,776 texts...
[2025-02-08 14:33:32] - INFO - Processed 64,000/137,776 texts...
[2025-02-08 14:33:35] - INFO - Processed 65,000/137,776 texts...
[2025-02-08 14:33:39] - INFO - Processed 66,000/137,776 texts...
[2025-02-08 14:33:44] - INFO - Processed 67,000/137,776 texts...
[2025-02-08 14:33:49] - INFO - Processed 68,000/137,776 texts...
[2025-02-08 14:33:53] - INFO - Processed 69,000/137,776 texts...
[2025-02-08 14:33:58] - INFO - Processed 70,000/137,776 texts...
[2025-02-08 14:34:03] - INFO - Processed 71,000/137,776 texts...
[2025-02-08 14:34:07] - INFO - Processed 72,000/137,776 texts...
[2025-02-08 14:34:11] - INFO - Processed 73,000/137,776 texts...
[2025-02-08 14:34:16] - INFO - Processed 74,000/137,776 texts...
[2025-02-08 14:34:21] - INFO - Processed 75,000/137,776 texts...
[2025-02-08 14:34:26] - INFO - Processed 76,000/137,776 texts...
[2025-02-08 14:34:31] - INFO - Processed 77,000/137,776 texts...
[2025-02-08 14:34:36] - INFO - Processed 78,000/137,776 texts...
[2025-02-08 14:34:39] - INFO - Processed 79,000/137,776 texts...
[2025-02-08 14:34:44] - INFO - Processed 80,000/137,776 texts...
[2025-02-08 14:34:49] - INFO - Processed 81,000/137,776 texts...
[2025-02-08 14:34:54] - INFO - Processed 82,000/137,776 texts...
[2025-02-08 14:34:59] - INFO - Processed 83,000/137,776 texts...
[2025-02-08 14:35:04] - INFO - Processed 84,000/137,776 texts...
[2025-02-08 14:35:08] - INFO - Processed 85,000/137,776 texts...
[2025-02-08 14:35:12] - INFO - Processed 86,000/137,776 texts...
[2025-02-08 14:35:17] - INFO - Processed 87,000/137,776 texts...
[2025-02-08 14:35:22] - INFO - Processed 88,000/137,776 texts...
[2025-02-08 14:35:26] - INFO - Processed 89,000/137,776 texts...
[2025-02-08 14:35:31] - INFO - Processed 90,000/137,776 texts...
[2025-02-08 14:35:35] - INFO - Processed 91,000/137,776 texts...
[2025-02-08 14:35:39] - INFO - Processed 92,000/137,776 texts...
[2025-02-08 14:35:42] - INFO - Processed 93,000/137,776 texts...
[2025-02-08 14:35:46] - INFO - Processed 94,000/137,776 texts...
[2025-02-08 14:35:51] - INFO - Processed 95,000/137,776 texts...
[2025-02-08 14:35:55] - INFO - Processed 96,000/137,776 texts...
[2025-02-08 14:36:00] - INFO - Processed 97,000/137,776 texts...
[2025-02-08 14:36:05] - INFO - Processed 98,000/137,776 texts...
[2025-02-08 14:36:09] - INFO - Processed 99,000/137,776 texts...
[2025-02-08 14:36:12] - INFO - Processed 100,000/137,776 texts...
[2025-02-08 14:36:17] - INFO - Processed 101,000/137,776 texts...
[2025-02-08 14:36:21] - INFO - Processed 102,000/137,776 texts...
[2025-02-08 14:36:26] - INFO - Processed 103,000/137,776 texts...
[2025-02-08 14:36:30] - INFO - Processed 104,000/137,776 texts...
[2025-02-08 14:36:35] - INFO - Processed 105,000/137,776 texts...
[2025-02-08 14:36:40] - INFO - Processed 106,000/137,776 texts...
[2025-02-08 14:36:43] - INFO - Processed 107,000/137,776 texts...
[2025-02-08 14:36:47] - INFO - Processed 108,000/137,776 texts...
[2025-02-08 14:36:52] - INFO - Processed 109,000/137,776 texts...
[2025-02-08 14:36:56] - INFO - Processed 110,000/137,776 texts...
[2025-02-08 14:37:01] - INFO - Processed 111,000/137,776 texts...
[2025-02-08 14:37:06] - INFO - Processed 112,000/137,776 texts...
[2025-02-08 14:37:11] - INFO - Processed 113,000/137,776 texts...
[2025-02-08 14:37:14] - INFO - Processed 114,000/137,776 texts...
[2025-02-08 14:37:19] - INFO - Processed 115,000/137,776 texts...
[2025-02-08 14:37:24] - INFO - Processed 116,000/137,776 texts...
[2025-02-08 14:37:28] - INFO - Processed 117,000/137,776 texts...
[2025-02-08 14:37:34] - INFO - Processed 118,000/137,776 texts...
[2025-02-08 14:38:19] - INFO - Loaded en_core_web_md model
[2025-02-08 14:38:19] - INFO - Starting dataset processing pipeline...
[2025-02-08 14:38:23] - INFO - Successfully loaded 250000 records from /home/zahemen/datasets/reddit-finance-250k/Data.jsonl
[2025-02-08 14:38:23] - INFO - Initial dataset size: 250,000 records
[2025-02-08 14:38:23] - INFO - After score filtering: 137,812 records (55.1% retained)
[2025-02-08 14:38:54] - INFO - After text cleaning: 137,776 records (100.0% retained)
[2025-02-08 14:38:54] - INFO - Starting parallel processing of 137,776 texts...
[2025-02-08 14:39:09] - INFO - Processed 1,000/137,776 texts...
[2025-02-08 14:39:15] - INFO - Processed 2,000/137,776 texts...
[2025-02-08 14:39:19] - INFO - Processed 3,000/137,776 texts...
[2025-02-08 14:39:24] - INFO - Processed 4,000/137,776 texts...
[2025-02-08 14:39:29] - INFO - Processed 5,000/137,776 texts...
[2025-02-08 14:39:34] - INFO - Processed 6,000/137,776 texts...
[2025-02-08 14:39:39] - INFO - Processed 7,000/137,776 texts...
[2025-02-08 14:39:44] - INFO - Processed 8,000/137,776 texts...
[2025-02-08 14:39:48] - INFO - Processed 9,000/137,776 texts...
[2025-02-08 14:39:52] - INFO - Processed 10,000/137,776 texts...
[2025-02-08 14:39:57] - INFO - Processed 11,000/137,776 texts...
[2025-02-08 14:40:02] - INFO - Processed 12,000/137,776 texts...
[2025-02-08 14:40:07] - INFO - Processed 13,000/137,776 texts...
[2025-02-08 14:40:11] - INFO - Processed 14,000/137,776 texts...
[2025-02-08 14:40:16] - INFO - Processed 15,000/137,776 texts...
[2025-02-08 14:40:20] - INFO - Processed 16,000/137,776 texts...
[2025-02-08 14:40:24] - INFO - Processed 17,000/137,776 texts...
[2025-02-08 14:40:29] - INFO - Processed 18,000/137,776 texts...
[2025-02-08 14:40:34] - INFO - Processed 19,000/137,776 texts...
[2025-02-08 14:40:38] - INFO - Processed 20,000/137,776 texts...
[2025-02-08 14:40:43] - INFO - Processed 21,000/137,776 texts...
[2025-02-08 14:40:48] - INFO - Processed 22,000/137,776 texts...
[2025-02-08 14:40:51] - INFO - Processed 23,000/137,776 texts...
[2025-02-08 14:40:55] - INFO - Processed 24,000/137,776 texts...
[2025-02-08 14:41:00] - INFO - Processed 25,000/137,776 texts...
[2025-02-08 14:41:05] - INFO - Processed 26,000/137,776 texts...
[2025-02-08 14:41:09] - INFO - Processed 27,000/137,776 texts...
[2025-02-08 14:41:13] - INFO - Processed 28,000/137,776 texts...
[2025-02-08 14:41:18] - INFO - Processed 29,000/137,776 texts...
[2025-02-08 14:41:21] - INFO - Processed 30,000/137,776 texts...
[2025-02-08 14:41:26] - INFO - Processed 31,000/137,776 texts...
[2025-02-08 14:41:31] - INFO - Processed 32,000/137,776 texts...
[2025-02-08 14:41:35] - INFO - Processed 33,000/137,776 texts...
[2025-02-08 14:41:40] - INFO - Processed 34,000/137,776 texts...
[2025-02-08 14:41:44] - INFO - Processed 35,000/137,776 texts...
[2025-02-08 14:41:48] - INFO - Processed 36,000/137,776 texts...
[2025-02-08 14:41:51] - INFO - Processed 37,000/137,776 texts...
[2025-02-08 14:41:56] - INFO - Processed 38,000/137,776 texts...
[2025-02-08 14:42:00] - INFO - Processed 39,000/137,776 texts...
[2025-02-08 14:42:05] - INFO - Processed 40,000/137,776 texts...
[2025-02-08 14:42:10] - INFO - Processed 41,000/137,776 texts...
[2025-02-08 14:42:14] - INFO - Processed 42,000/137,776 texts...
[2025-02-08 14:42:19] - INFO - Processed 43,000/137,776 texts...
[2025-02-08 14:42:23] - INFO - Processed 44,000/137,776 texts...
[2025-02-08 14:42:26] - INFO - Processed 45,000/137,776 texts...
[2025-02-08 14:42:31] - INFO - Processed 46,000/137,776 texts...
[2025-02-08 14:42:35] - INFO - Processed 47,000/137,776 texts...
[2025-02-08 14:42:39] - INFO - Processed 48,000/137,776 texts...
[2025-02-08 14:42:44] - INFO - Processed 49,000/137,776 texts...
[2025-02-08 14:42:48] - INFO - Processed 50,000/137,776 texts...
[2025-02-08 14:42:53] - INFO - Processed 51,000/137,776 texts...
[2025-02-08 14:42:56] - INFO - Processed 52,000/137,776 texts...
[2025-02-08 14:43:00] - INFO - Processed 53,000/137,776 texts...
[2025-02-08 14:43:05] - INFO - Processed 54,000/137,776 texts...
[2025-02-08 14:43:09] - INFO - Processed 55,000/137,776 texts...
[2025-02-08 14:43:14] - INFO - Processed 56,000/137,776 texts...
[2025-02-08 14:43:18] - INFO - Processed 57,000/137,776 texts...
[2025-02-08 14:43:22] - INFO - Processed 58,000/137,776 texts...
[2025-02-08 14:43:26] - INFO - Processed 59,000/137,776 texts...
[2025-02-08 14:43:30] - INFO - Processed 60,000/137,776 texts...
[2025-02-08 14:43:35] - INFO - Processed 61,000/137,776 texts...
[2025-02-08 14:43:39] - INFO - Processed 62,000/137,776 texts...
[2025-02-08 14:43:43] - INFO - Processed 63,000/137,776 texts...
[2025-02-08 14:43:48] - INFO - Processed 64,000/137,776 texts...
[2025-02-08 14:43:52] - INFO - Processed 65,000/137,776 texts...
[2025-02-08 14:43:55] - INFO - Processed 66,000/137,776 texts...
[2025-02-08 14:43:59] - INFO - Processed 67,000/137,776 texts...
[2025-02-08 14:44:04] - INFO - Processed 68,000/137,776 texts...
[2025-02-08 14:44:09] - INFO - Processed 69,000/137,776 texts...
[2025-02-08 14:44:14] - INFO - Processed 70,000/137,776 texts...
[2025-02-08 14:44:18] - INFO - Processed 71,000/137,776 texts...
[2025-02-08 14:44:23] - INFO - Processed 72,000/137,776 texts...
[2025-02-08 14:44:27] - INFO - Processed 73,000/137,776 texts...
[2025-02-08 14:44:30] - INFO - Processed 74,000/137,776 texts...
[2025-02-08 14:44:34] - INFO - Processed 75,000/137,776 texts...
[2025-02-08 14:44:39] - INFO - Processed 76,000/137,776 texts...
[2025-02-08 14:44:43] - INFO - Processed 77,000/137,776 texts...
[2025-02-08 14:44:48] - INFO - Processed 78,000/137,776 texts...
[2025-02-08 14:44:52] - INFO - Processed 79,000/137,776 texts...
[2025-02-08 14:44:57] - INFO - Processed 80,000/137,776 texts...
[2025-02-08 14:45:00] - INFO - Processed 81,000/137,776 texts...
[2025-02-08 14:45:04] - INFO - Processed 82,000/137,776 texts...
[2025-02-08 14:45:09] - INFO - Processed 83,000/137,776 texts...
[2025-02-08 14:45:13] - INFO - Processed 84,000/137,776 texts...
[2025-02-08 14:45:18] - INFO - Processed 85,000/137,776 texts...
[2025-02-08 14:45:22] - INFO - Processed 86,000/137,776 texts...
[2025-02-08 14:45:27] - INFO - Processed 87,000/137,776 texts...
[2025-02-08 14:45:30] - INFO - Processed 88,000/137,776 texts...
[2025-02-08 14:45:34] - INFO - Processed 89,000/137,776 texts...
[2025-02-08 14:45:39] - INFO - Processed 90,000/137,776 texts...
[2025-02-08 14:45:43] - INFO - Processed 91,000/137,776 texts...
[2025-02-08 14:45:47] - INFO - Processed 92,000/137,776 texts...
[2025-02-08 14:45:52] - INFO - Processed 93,000/137,776 texts...
[2025-02-08 14:45:56] - INFO - Processed 94,000/137,776 texts...
[2025-02-08 14:46:00] - INFO - Processed 95,000/137,776 texts...
[2025-02-08 14:46:04] - INFO - Processed 96,000/137,776 texts...
[2025-02-08 14:46:09] - INFO - Processed 97,000/137,776 texts...
[2025-02-08 14:46:13] - INFO - Processed 98,000/137,776 texts...
[2025-02-08 14:46:18] - INFO - Processed 99,000/137,776 texts...
[2025-02-08 14:46:22] - INFO - Processed 100,000/137,776 texts...
[2025-02-08 14:46:27] - INFO - Processed 101,000/137,776 texts...
[2025-02-08 14:46:31] - INFO - Processed 102,000/137,776 texts...
[2025-02-08 14:46:34] - INFO - Processed 103,000/137,776 texts...
[2025-02-08 14:46:39] - INFO - Processed 104,000/137,776 texts...
[2025-02-08 14:46:43] - INFO - Processed 105,000/137,776 texts...
[2025-02-08 14:46:48] - INFO - Processed 106,000/137,776 texts...
[2025-02-08 14:46:52] - INFO - Processed 107,000/137,776 texts...
[2025-02-08 14:46:57] - INFO - Processed 108,000/137,776 texts...
[2025-02-08 14:47:01] - INFO - Processed 109,000/137,776 texts...
[2025-02-08 14:47:05] - INFO - Processed 110,000/137,776 texts...
[2025-02-08 14:47:09] - INFO - Processed 111,000/137,776 texts...
[2025-02-08 14:47:14] - INFO - Processed 112,000/137,776 texts...
[2025-02-08 14:47:18] - INFO - Processed 113,000/137,776 texts...
[2025-02-08 14:47:23] - INFO - Processed 114,000/137,776 texts...
[2025-02-08 14:47:27] - INFO - Processed 115,000/137,776 texts...
[2025-02-08 14:47:32] - INFO - Processed 116,000/137,776 texts...
[2025-02-08 14:47:35] - INFO - Processed 117,000/137,776 texts...
[2025-02-08 14:47:39] - INFO - Processed 118,000/137,776 texts...
[2025-02-08 14:47:43] - INFO - Processed 119,000/137,776 texts...
[2025-02-08 14:47:48] - INFO - Processed 120,000/137,776 texts...
[2025-02-08 14:47:52] - INFO - Processed 121,000/137,776 texts...
[2025-02-08 14:47:57] - INFO - Processed 122,000/137,776 texts...
[2025-02-08 14:48:01] - INFO - Processed 123,000/137,776 texts...
[2025-02-08 14:48:04] - INFO - Processed 124,000/137,776 texts...
[2025-02-08 14:48:09] - INFO - Processed 125,000/137,776 texts...
[2025-02-08 14:48:13] - INFO - Processed 126,000/137,776 texts...
[2025-02-08 14:48:18] - INFO - Processed 127,000/137,776 texts...
[2025-02-08 14:48:22] - INFO - Processed 128,000/137,776 texts...
[2025-02-08 14:48:27] - INFO - Processed 129,000/137,776 texts...
[2025-02-08 14:48:31] - INFO - Processed 130,000/137,776 texts...
[2025-02-08 14:48:34] - INFO - Processed 131,000/137,776 texts...
[2025-02-08 14:48:39] - INFO - Processed 132,000/137,776 texts...
[2025-02-08 14:48:43] - INFO - Processed 133,000/137,776 texts...
[2025-02-08 14:48:48] - INFO - Processed 134,000/137,776 texts...
[2025-02-08 14:48:52] - INFO - Processed 135,000/137,776 texts...
[2025-02-08 14:48:57] - INFO - Processed 136,000/137,776 texts...
[2025-02-08 14:49:01] - INFO - Processed 137,000/137,776 texts...
[2025-02-08 14:49:05] - INFO - Parallel processing completed in 611.15s
[2025-02-08 14:49:05] - INFO - Starting parallel processing of 137,776 texts...
[2025-02-08 14:49:14] - INFO - Processed 1,000/137,776 texts...
[2025-02-08 14:49:16] - INFO - Processed 2,000/137,776 texts...
[2025-02-08 14:49:17] - INFO - Processed 3,000/137,776 texts...
[2025-02-08 14:49:19] - INFO - Processed 4,000/137,776 texts...
[2025-02-08 14:49:20] - INFO - Processed 5,000/137,776 texts...
[2025-02-08 14:49:21] - INFO - Processed 6,000/137,776 texts...
[2025-02-08 14:49:23] - INFO - Processed 7,000/137,776 texts...
[2025-02-08 14:49:24] - INFO - Processed 8,000/137,776 texts...
[2025-02-08 14:49:25] - INFO - Processed 9,000/137,776 texts...
[2025-02-08 14:49:27] - INFO - Processed 10,000/137,776 texts...
[2025-02-08 14:49:28] - INFO - Processed 11,000/137,776 texts...
[2025-02-08 14:49:29] - INFO - Processed 12,000/137,776 texts...
[2025-02-08 14:49:31] - INFO - Processed 13,000/137,776 texts...
[2025-02-08 14:49:32] - INFO - Processed 14,000/137,776 texts...
[2025-02-08 14:49:34] - INFO - Processed 15,000/137,776 texts...
[2025-02-08 14:49:35] - INFO - Processed 16,000/137,776 texts...
[2025-02-08 14:49:36] - INFO - Processed 17,000/137,776 texts...
[2025-02-08 14:49:36] - INFO - Processed 18,000/137,776 texts...
[2025-02-08 14:49:37] - INFO - Processed 19,000/137,776 texts...
[2025-02-08 14:49:39] - INFO - Processed 20,000/137,776 texts...
[2025-02-08 14:49:40] - INFO - Processed 21,000/137,776 texts...
[2025-02-08 14:49:41] - INFO - Processed 22,000/137,776 texts...
[2025-02-08 14:49:43] - INFO - Processed 23,000/137,776 texts...
[2025-02-08 14:49:44] - INFO - Processed 24,000/137,776 texts...
[2025-02-08 14:49:45] - INFO - Processed 25,000/137,776 texts...
[2025-02-08 14:49:47] - INFO - Processed 26,000/137,776 texts...
[2025-02-08 14:49:48] - INFO - Processed 27,000/137,776 texts...
[2025-02-08 14:49:49] - INFO - Processed 28,000/137,776 texts...
[2025-02-08 14:49:51] - INFO - Processed 29,000/137,776 texts...
[2025-02-08 14:49:52] - INFO - Processed 30,000/137,776 texts...
[2025-02-08 14:49:53] - INFO - Processed 31,000/137,776 texts...
[2025-02-08 14:49:55] - INFO - Processed 32,000/137,776 texts...
[2025-02-08 14:49:56] - INFO - Processed 33,000/137,776 texts...
[2025-02-08 14:49:57] - INFO - Processed 34,000/137,776 texts...
[2025-02-08 14:49:58] - INFO - Processed 35,000/137,776 texts...
[2025-02-08 14:50:00] - INFO - Processed 36,000/137,776 texts...
[2025-02-08 14:50:01] - INFO - Processed 37,000/137,776 texts...
[2025-02-08 14:50:02] - INFO - Processed 38,000/137,776 texts...
[2025-02-08 14:50:04] - INFO - Processed 39,000/137,776 texts...
[2025-02-08 14:50:05] - INFO - Processed 40,000/137,776 texts...
[2025-02-08 14:50:06] - INFO - Processed 41,000/137,776 texts...
[2025-02-08 14:50:08] - INFO - Processed 42,000/137,776 texts...
[2025-02-08 14:50:08] - INFO - Processed 43,000/137,776 texts...
[2025-02-08 14:50:09] - INFO - Processed 44,000/137,776 texts...
[2025-02-08 14:50:10] - INFO - Processed 45,000/137,776 texts...
[2025-02-08 14:50:11] - INFO - Processed 46,000/137,776 texts...
[2025-02-08 14:50:13] - INFO - Processed 47,000/137,776 texts...
[2025-02-08 14:50:14] - INFO - Processed 48,000/137,776 texts...
[2025-02-08 14:50:15] - INFO - Processed 49,000/137,776 texts...
[2025-02-08 14:50:17] - INFO - Processed 50,000/137,776 texts...
[2025-02-08 14:50:18] - INFO - Processed 51,000/137,776 texts...
[2025-02-08 14:50:19] - INFO - Processed 52,000/137,776 texts...
[2025-02-08 14:50:20] - INFO - Processed 53,000/137,776 texts...
[2025-02-08 14:50:22] - INFO - Processed 54,000/137,776 texts...
[2025-02-08 14:50:23] - INFO - Processed 55,000/137,776 texts...
[2025-02-08 14:50:24] - INFO - Processed 56,000/137,776 texts...
[2025-02-08 14:50:26] - INFO - Processed 57,000/137,776 texts...
[2025-02-08 14:50:27] - INFO - Processed 58,000/137,776 texts...
[2025-02-08 14:50:28] - INFO - Processed 59,000/137,776 texts...
[2025-02-08 14:50:30] - INFO - Processed 60,000/137,776 texts...
[2025-02-08 14:50:31] - INFO - Processed 61,000/137,776 texts...
[2025-02-08 14:50:32] - INFO - Processed 62,000/137,776 texts...
[2025-02-08 14:50:34] - INFO - Processed 63,000/137,776 texts...
[2025-02-08 14:50:35] - INFO - Processed 64,000/137,776 texts...
[2025-02-08 14:50:36] - INFO - Processed 65,000/137,776 texts...
[2025-02-08 14:50:37] - INFO - Processed 66,000/137,776 texts...
[2025-02-08 14:50:39] - INFO - Processed 67,000/137,776 texts...
[2025-02-08 14:50:39] - INFO - Processed 68,000/137,776 texts...
[2025-02-08 14:50:40] - INFO - Processed 69,000/137,776 texts...
[2025-02-08 14:50:41] - INFO - Processed 70,000/137,776 texts...
[2025-02-08 14:50:42] - INFO - Processed 71,000/137,776 texts...
[2025-02-08 14:50:44] - INFO - Processed 72,000/137,776 texts...
[2025-02-08 14:50:45] - INFO - Processed 73,000/137,776 texts...
[2025-02-08 14:50:46] - INFO - Processed 74,000/137,776 texts...
[2025-02-08 14:50:48] - INFO - Processed 75,000/137,776 texts...
[2025-02-08 14:50:49] - INFO - Processed 76,000/137,776 texts...
[2025-02-08 14:50:50] - INFO - Processed 77,000/137,776 texts...
[2025-02-08 14:50:52] - INFO - Processed 78,000/137,776 texts...
[2025-02-08 14:50:53] - INFO - Processed 79,000/137,776 texts...
[2025-02-08 14:50:54] - INFO - Processed 80,000/137,776 texts...
[2025-02-08 14:50:55] - INFO - Processed 81,000/137,776 texts...
[2025-02-08 14:50:57] - INFO - Processed 82,000/137,776 texts...
[2025-02-08 14:50:58] - INFO - Processed 83,000/137,776 texts...
[2025-02-08 14:50:59] - INFO - Processed 84,000/137,776 texts...
[2025-02-08 14:51:01] - INFO - Processed 85,000/137,776 texts...
[2025-02-08 14:51:02] - INFO - Processed 86,000/137,776 texts...
[2025-02-08 14:51:03] - INFO - Processed 87,000/137,776 texts...
[2025-02-08 14:51:05] - INFO - Processed 88,000/137,776 texts...
[2025-02-08 14:51:06] - INFO - Processed 89,000/137,776 texts...
[2025-02-08 14:51:08] - INFO - Processed 90,000/137,776 texts...
[2025-02-08 14:51:09] - INFO - Processed 91,000/137,776 texts...
[2025-02-08 14:51:09] - INFO - Processed 92,000/137,776 texts...
[2025-02-08 14:51:10] - INFO - Processed 93,000/137,776 texts...
[2025-02-08 14:51:12] - INFO - Processed 94,000/137,776 texts...
[2025-02-08 14:51:13] - INFO - Processed 95,000/137,776 texts...
[2025-02-08 14:51:14] - INFO - Processed 96,000/137,776 texts...
[2025-02-08 14:51:16] - INFO - Processed 97,000/137,776 texts...
[2025-02-08 14:51:17] - INFO - Processed 98,000/137,776 texts...
[2025-02-08 14:51:18] - INFO - Processed 99,000/137,776 texts...
[2025-02-08 14:51:20] - INFO - Processed 100,000/137,776 texts...
[2025-02-08 14:51:21] - INFO - Processed 101,000/137,776 texts...
[2025-02-08 14:51:22] - INFO - Processed 102,000/137,776 texts...
[2025-02-08 14:51:23] - INFO - Processed 103,000/137,776 texts...
[2025-02-08 14:51:25] - INFO - Processed 104,000/137,776 texts...
[2025-02-08 14:51:26] - INFO - Processed 105,000/137,776 texts...
[2025-02-08 14:51:27] - INFO - Processed 106,000/137,776 texts...
[2025-02-08 14:51:29] - INFO - Processed 107,000/137,776 texts...
[2025-02-08 14:51:30] - INFO - Processed 108,000/137,776 texts...
[2025-02-08 14:51:31] - INFO - Processed 109,000/137,776 texts...
[2025-02-08 14:51:33] - INFO - Processed 110,000/137,776 texts...
[2025-02-08 14:51:34] - INFO - Processed 111,000/137,776 texts...
[2025-02-08 14:51:35] - INFO - Processed 112,000/137,776 texts...
[2025-02-08 14:51:37] - INFO - Processed 113,000/137,776 texts...
[2025-02-08 14:51:38] - INFO - Processed 114,000/137,776 texts...
[2025-02-08 14:51:39] - INFO - Processed 115,000/137,776 texts...
[2025-02-08 14:51:41] - INFO - Processed 116,000/137,776 texts...
[2025-02-08 14:51:40] - INFO - Processed 117,000/137,776 texts...
[2025-02-08 14:51:42] - INFO - Processed 118,000/137,776 texts...
[2025-02-08 14:51:43] - INFO - Processed 119,000/137,776 texts...
[2025-02-08 14:51:44] - INFO - Processed 120,000/137,776 texts...
[2025-02-08 14:51:45] - INFO - Processed 121,000/137,776 texts...
[2025-02-08 14:51:47] - INFO - Processed 122,000/137,776 texts...
[2025-02-08 14:51:48] - INFO - Processed 123,000/137,776 texts...
[2025-02-08 14:51:49] - INFO - Processed 124,000/137,776 texts...
[2025-02-08 14:51:51] - INFO - Processed 125,000/137,776 texts...
[2025-02-08 14:51:52] - INFO - Processed 126,000/137,776 texts...
[2025-02-08 14:51:53] - INFO - Processed 127,000/137,776 texts...
[2025-02-08 14:51:55] - INFO - Processed 128,000/137,776 texts...
[2025-02-08 14:51:56] - INFO - Processed 129,000/137,776 texts...
[2025-02-08 14:51:57] - INFO - Processed 130,000/137,776 texts...
[2025-02-08 14:51:59] - INFO - Processed 131,000/137,776 texts...
[2025-02-08 14:52:00] - INFO - Processed 132,000/137,776 texts...
[2025-02-08 14:52:01] - INFO - Processed 133,000/137,776 texts...
[2025-02-08 14:52:02] - INFO - Processed 134,000/137,776 texts...
[2025-02-08 14:52:04] - INFO - Processed 135,000/137,776 texts...
[2025-02-08 14:52:05] - INFO - Processed 136,000/137,776 texts...
[2025-02-08 14:52:06] - INFO - Processed 137,000/137,776 texts...
[2025-02-08 14:52:08] - INFO - Parallel processing completed in 182.43s
[2025-02-08 14:52:08] - INFO - Starting parallel processing of 137,776 texts...
[2025-02-08 14:57:10] - INFO - Processed 1,000/137,776 texts...
[2025-02-08 15:02:07] - INFO - Processed 2,000/137,776 texts...
[2025-02-08 15:06:56] - INFO - Processed 3,000/137,776 texts...
[2025-02-08 15:11:28] - INFO - Processed 4,000/137,776 texts...
[2025-02-08 15:15:46] - INFO - Processed 5,000/137,776 texts...
[2025-02-08 15:19:18] - INFO - Loaded en_core_web_md model
[2025-02-08 15:19:18] - INFO - Starting dataset processing pipeline...
[2025-02-08 15:19:22] - INFO - Successfully loaded 250000 records from /home/zahemen/datasets/reddit-finance-250k/Data.jsonl
[2025-02-08 15:19:22] - INFO - Initial dataset size: 250,000 records
[2025-02-08 15:19:22] - INFO - After score filtering: 137,812 records (55.1% retained)
[2025-02-08 15:19:54] - INFO - After text cleaning: 137,776 records (100.0% retained)
[2025-02-08 15:19:54] - INFO - Starting parallel processing of 137,776 texts...
[2025-02-08 15:20:09] - INFO - Processed 1,000/137,776 texts...
[2025-02-08 15:20:13] - INFO - Processed 2,000/137,776 texts...
[2025-02-08 15:20:19] - INFO - Processed 3,000/137,776 texts...
[2025-02-08 15:20:24] - INFO - Processed 4,000/137,776 texts...
[2025-02-08 15:20:29] - INFO - Processed 5,000/137,776 texts...
[2025-02-08 15:20:35] - INFO - Processed 6,000/137,776 texts...
[2025-02-08 15:20:39] - INFO - Processed 7,000/137,776 texts...
[2025-02-08 15:20:43] - INFO - Processed 8,000/137,776 texts...
[2025-02-08 15:20:48] - INFO - Processed 9,000/137,776 texts...
[2025-02-08 15:20:53] - INFO - Processed 10,000/137,776 texts...
[2025-02-08 15:20:58] - INFO - Processed 11,000/137,776 texts...
[2025-02-08 15:21:03] - INFO - Processed 12,000/137,776 texts...
[2025-02-08 15:21:08] - INFO - Processed 13,000/137,776 texts...
[2025-02-08 15:21:11] - INFO - Processed 14,000/137,776 texts...
[2025-02-08 15:21:16] - INFO - Processed 15,000/137,776 texts...
[2025-02-08 15:21:21] - INFO - Processed 16,000/137,776 texts...
[2025-02-08 15:21:26] - INFO - Processed 17,000/137,776 texts...
[2025-02-08 15:21:31] - INFO - Processed 18,000/137,776 texts...
[2025-02-08 15:21:37] - INFO - Processed 19,000/137,776 texts...
[2025-02-08 15:21:42] - INFO - Processed 20,000/137,776 texts...
[2025-02-08 15:21:47] - INFO - Processed 21,000/137,776 texts...
[2025-02-08 15:21:59] - INFO - Processed 22,000/137,776 texts...
[2025-02-08 15:22:16] - INFO - Processed 23,000/137,776 texts...
[2025-02-08 15:22:21] - INFO - Processed 24,000/137,776 texts...
[2025-02-08 15:22:26] - INFO - Processed 25,000/137,776 texts...
[2025-02-08 15:22:30] - INFO - Processed 26,000/137,776 texts...
[2025-02-08 15:22:35] - INFO - Processed 27,000/137,776 texts...
[2025-02-08 15:22:39] - INFO - Processed 28,000/137,776 texts...
[2025-02-08 15:22:44] - INFO - Processed 29,000/137,776 texts...
[2025-02-08 15:22:47] - INFO - Processed 30,000/137,776 texts...
[2025-02-08 15:22:52] - INFO - Processed 31,000/137,776 texts...
[2025-02-08 15:22:57] - INFO - Processed 32,000/137,776 texts...
[2025-02-08 15:23:02] - INFO - Processed 33,000/137,776 texts...
[2025-02-08 15:23:07] - INFO - Processed 34,000/137,776 texts...
[2025-02-08 15:23:16] - INFO - Processed 35,000/137,776 texts...
[2025-02-08 15:23:32] - INFO - Processed 36,000/137,776 texts...
[2025-02-08 15:23:47] - INFO - Processed 37,000/137,776 texts...
[2025-02-08 15:24:51] - INFO - Processed 38,000/137,776 texts...
[2025-02-08 15:25:29] - INFO - Processed 39,000/137,776 texts...
[2025-02-08 15:25:57] - INFO - Processed 40,000/137,776 texts...
[2025-02-08 15:26:02] - INFO - Processed 41,000/137,776 texts...
[2025-02-08 15:26:07] - INFO - Processed 42,000/137,776 texts...
[2025-02-08 15:26:12] - INFO - Processed 43,000/137,776 texts...
[2025-02-08 15:26:16] - INFO - Processed 44,000/137,776 texts...
[2025-02-08 15:26:21] - INFO - Processed 45,000/137,776 texts...
[2025-02-08 15:26:24] - INFO - Processed 46,000/137,776 texts...
[2025-02-08 15:26:29] - INFO - Processed 47,000/137,776 texts...
[2025-02-08 15:26:34] - INFO - Processed 48,000/137,776 texts...
[2025-02-08 15:26:38] - INFO - Processed 49,000/137,776 texts...
[2025-02-08 15:26:43] - INFO - Processed 50,000/137,776 texts...
[2025-02-08 15:26:48] - INFO - Processed 51,000/137,776 texts...
[2025-02-08 15:26:52] - INFO - Processed 52,000/137,776 texts...
[2025-02-08 15:26:56] - INFO - Processed 53,000/137,776 texts...
[2025-02-08 15:27:00] - INFO - Processed 54,000/137,776 texts...
[2025-02-08 15:27:05] - INFO - Processed 55,000/137,776 texts...
[2025-02-08 15:27:11] - INFO - Processed 56,000/137,776 texts...
[2025-02-08 15:27:16] - INFO - Processed 57,000/137,776 texts...
[2025-02-08 15:27:36] - INFO - Processed 58,000/137,776 texts...
[2025-02-08 15:27:42] - INFO - Processed 59,000/137,776 texts...
[2025-02-08 15:28:20] - INFO - Processed 60,000/137,776 texts...
[2025-02-08 15:28:40] - INFO - Processed 61,000/137,776 texts...
[2025-02-08 15:28:55] - INFO - Processed 62,000/137,776 texts...
[2025-02-08 15:28:59] - INFO - Processed 63,000/137,776 texts...
[2025-02-08 15:29:03] - INFO - Processed 64,000/137,776 texts...
[2025-02-08 15:29:08] - INFO - Processed 65,000/137,776 texts...
[2025-02-08 15:29:13] - INFO - Processed 66,000/137,776 texts...
[2025-02-08 15:29:17] - INFO - Processed 67,000/137,776 texts...
[2025-02-08 15:29:22] - INFO - Processed 68,000/137,776 texts...
[2025-02-08 15:29:27] - INFO - Processed 69,000/137,776 texts...
[2025-02-08 15:29:30] - INFO - Processed 70,000/137,776 texts...
[2025-02-08 15:29:34] - INFO - Processed 71,000/137,776 texts...
[2025-02-08 15:29:39] - INFO - Processed 72,000/137,776 texts...
[2025-02-08 15:29:43] - INFO - Processed 73,000/137,776 texts...
[2025-02-08 15:29:48] - INFO - Processed 74,000/137,776 texts...
[2025-02-08 15:29:52] - INFO - Processed 75,000/137,776 texts...
[2025-02-08 15:29:57] - INFO - Processed 76,000/137,776 texts...
[2025-02-08 15:30:00] - INFO - Processed 77,000/137,776 texts...
[2025-02-08 15:30:06] - INFO - Processed 78,000/137,776 texts...
[2025-02-08 15:30:11] - INFO - Processed 79,000/137,776 texts...
[2025-02-08 15:30:22] - INFO - Processed 80,000/137,776 texts...
[2025-02-08 15:30:27] - INFO - Processed 81,000/137,776 texts...
[2025-02-08 15:30:35] - INFO - Processed 82,000/137,776 texts...
[2025-02-08 15:30:51] - INFO - Processed 83,000/137,776 texts...
[2025-02-08 15:31:26] - INFO - Processed 84,000/137,776 texts...
[2025-02-08 15:31:41] - INFO - Processed 85,000/137,776 texts...
[2025-02-08 15:32:10] - INFO - Processed 86,000/137,776 texts...
[2025-02-08 15:32:37] - INFO - Processed 87,000/137,776 texts...
[2025-02-08 15:32:41] - INFO - Processed 88,000/137,776 texts...
[2025-02-08 15:32:46] - INFO - Processed 89,000/137,776 texts...
[2025-02-08 15:32:51] - INFO - Processed 90,000/137,776 texts...
[2025-02-08 15:32:55] - INFO - Processed 91,000/137,776 texts...
[2025-02-08 15:33:00] - INFO - Processed 92,000/137,776 texts...
[2025-02-08 15:33:04] - INFO - Processed 93,000/137,776 texts...
[2025-02-08 15:33:07] - INFO - Processed 94,000/137,776 texts...
[2025-02-08 15:33:12] - INFO - Processed 95,000/137,776 texts...
[2025-02-08 15:33:17] - INFO - Processed 96,000/137,776 texts...
[2025-02-08 15:33:22] - INFO - Processed 97,000/137,776 texts...
[2025-02-08 15:33:26] - INFO - Processed 98,000/137,776 texts...
[2025-02-08 15:33:31] - INFO - Processed 99,000/137,776 texts...
[2025-02-08 15:33:35] - INFO - Processed 100,000/137,776 texts...
[2025-02-08 15:33:39] - INFO - Processed 101,000/137,776 texts...
[2025-02-08 15:33:43] - INFO - Processed 102,000/137,776 texts...
[2025-02-08 15:33:48] - INFO - Processed 103,000/137,776 texts...
[2025-02-08 15:33:53] - INFO - Processed 104,000/137,776 texts...
[2025-02-08 15:33:57] - INFO - Processed 105,000/137,776 texts...
[2025-02-08 15:34:02] - INFO - Processed 106,000/137,776 texts...
[2025-02-08 15:34:07] - INFO - Processed 107,000/137,776 texts...
[2025-02-08 15:34:10] - INFO - Processed 108,000/137,776 texts...
[2025-02-08 15:34:15] - INFO - Processed 109,000/137,776 texts...
[2025-02-08 15:34:20] - INFO - Processed 110,000/137,776 texts...
[2025-02-08 15:34:29] - INFO - Processed 111,000/137,776 texts...
[2025-02-08 15:34:39] - INFO - Processed 112,000/137,776 texts...
[2025-02-08 15:34:50] - INFO - Processed 113,000/137,776 texts...
[2025-02-08 15:35:01] - INFO - Processed 114,000/137,776 texts...
[2025-02-08 15:35:47] - INFO - Processed 115,000/137,776 texts...
[2025-02-08 15:36:12] - INFO - Processed 116,000/137,776 texts...
[2025-02-08 15:36:17] - INFO - Processed 117,000/137,776 texts...
[2025-02-08 15:36:22] - INFO - Processed 118,000/137,776 texts...
[2025-02-08 15:36:26] - INFO - Processed 119,000/137,776 texts...
[2025-02-08 15:36:31] - INFO - Processed 120,000/137,776 texts...
[2025-02-08 15:36:35] - INFO - Processed 121,000/137,776 texts...
[2025-02-08 15:36:39] - INFO - Processed 122,000/137,776 texts...
[2025-02-08 15:36:44] - INFO - Processed 123,000/137,776 texts...
[2025-02-08 15:36:47] - INFO - Processed 124,000/137,776 texts...
[2025-02-08 15:36:51] - INFO - Processed 125,000/137,776 texts...
[2025-02-08 15:36:55] - INFO - Processed 126,000/137,776 texts...
[2025-02-08 15:37:00] - INFO - Processed 127,000/137,776 texts...
[2025-02-08 15:37:05] - INFO - Processed 128,000/137,776 texts...
[2025-02-08 15:37:09] - INFO - Processed 129,000/137,776 texts...
[2025-02-08 15:37:14] - INFO - Processed 130,000/137,776 texts...
[2025-02-08 15:37:17] - INFO - Processed 131,000/137,776 texts...
[2025-02-08 15:37:21] - INFO - Processed 132,000/137,776 texts...
[2025-02-08 15:37:26] - INFO - Processed 133,000/137,776 texts...
[2025-02-08 15:37:30] - INFO - Processed 134,000/137,776 texts...
[2025-02-08 15:37:35] - INFO - Processed 135,000/137,776 texts...
[2025-02-08 15:37:39] - INFO - Processed 136,000/137,776 texts...
[2025-02-08 15:37:44] - INFO - Processed 137,000/137,776 texts...
[2025-02-08 15:37:46] - INFO - Parallel processing completed in 1071.98s
[2025-02-08 15:37:46] - INFO - Starting parallel processing of 137,776 texts...
[2025-02-08 15:37:57] - INFO - Processed 1,000/137,776 texts...
[2025-02-08 15:37:58] - INFO - Processed 2,000/137,776 texts...
[2025-02-08 15:38:00] - INFO - Processed 3,000/137,776 texts...
[2025-02-08 15:38:01] - INFO - Processed 4,000/137,776 texts...
[2025-02-08 15:38:02] - INFO - Processed 5,000/137,776 texts...
[2025-02-08 15:38:03] - INFO - Processed 6,000/137,776 texts...
[2025-02-08 15:38:05] - INFO - Processed 7,000/137,776 texts...
[2025-02-08 15:38:06] - INFO - Processed 8,000/137,776 texts...
[2025-02-08 15:38:07] - INFO - Processed 9,000/137,776 texts...
[2025-02-08 15:38:09] - INFO - Processed 10,000/137,776 texts...
[2025-02-08 15:38:10] - INFO - Processed 11,000/137,776 texts...
[2025-02-08 15:38:11] - INFO - Processed 12,000/137,776 texts...
[2025-02-08 15:38:12] - INFO - Processed 13,000/137,776 texts...
[2025-02-08 15:38:14] - INFO - Processed 14,000/137,776 texts...
[2025-02-08 15:38:15] - INFO - Processed 15,000/137,776 texts...
[2025-02-08 15:38:16] - INFO - Processed 16,000/137,776 texts...
[2025-02-08 15:38:17] - INFO - Processed 17,000/137,776 texts...
[2025-02-08 15:38:18] - INFO - Processed 18,000/137,776 texts...
[2025-02-08 15:38:20] - INFO - Processed 19,000/137,776 texts...
[2025-02-08 15:38:22] - INFO - Processed 20,000/137,776 texts...
[2025-02-08 15:38:23] - INFO - Processed 21,000/137,776 texts...
[2025-02-08 15:38:25] - INFO - Processed 22,000/137,776 texts...
[2025-02-08 15:38:26] - INFO - Processed 23,000/137,776 texts...
[2025-02-08 15:38:27] - INFO - Processed 24,000/137,776 texts...
[2025-02-08 15:38:29] - INFO - Processed 25,000/137,776 texts...
[2025-02-08 15:38:30] - INFO - Processed 26,000/137,776 texts...
[2025-02-08 15:38:31] - INFO - Processed 27,000/137,776 texts...
[2025-02-08 15:38:33] - INFO - Processed 28,000/137,776 texts...
[2025-02-08 15:38:34] - INFO - Processed 29,000/137,776 texts...
[2025-02-08 15:38:35] - INFO - Processed 30,000/137,776 texts...
[2025-02-08 15:38:37] - INFO - Processed 31,000/137,776 texts...
[2025-02-08 15:38:38] - INFO - Processed 32,000/137,776 texts...
[2025-02-08 15:38:40] - INFO - Processed 33,000/137,776 texts...
[2025-02-08 15:38:41] - INFO - Processed 34,000/137,776 texts...
[2025-02-08 15:38:42] - INFO - Processed 35,000/137,776 texts...
[2025-02-08 15:38:44] - INFO - Processed 36,000/137,776 texts...
[2025-02-08 15:38:45] - INFO - Processed 37,000/137,776 texts...
[2025-02-08 15:38:46] - INFO - Processed 38,000/137,776 texts...
[2025-02-08 15:38:47] - INFO - Processed 39,000/137,776 texts...
[2025-02-08 15:38:48] - INFO - Processed 40,000/137,776 texts...
[2025-02-08 15:38:49] - INFO - Processed 41,000/137,776 texts...
[2025-02-08 15:38:51] - INFO - Processed 42,000/137,776 texts...
[2025-02-08 15:38:52] - INFO - Processed 43,000/137,776 texts...
[2025-02-08 15:38:53] - INFO - Processed 44,000/137,776 texts...
[2025-02-08 15:38:55] - INFO - Processed 45,000/137,776 texts...
[2025-02-08 15:38:56] - INFO - Processed 46,000/137,776 texts...
[2025-02-08 15:38:57] - INFO - Processed 47,000/137,776 texts...
[2025-02-08 15:38:59] - INFO - Processed 48,000/137,776 texts...
[2025-02-08 15:39:00] - INFO - Processed 49,000/137,776 texts...
[2025-02-08 15:39:02] - INFO - Processed 50,000/137,776 texts...
[2025-02-08 15:39:03] - INFO - Processed 51,000/137,776 texts...
[2025-02-08 15:39:04] - INFO - Processed 52,000/137,776 texts...
[2025-02-08 15:39:05] - INFO - Processed 53,000/137,776 texts...
[2025-02-08 15:39:07] - INFO - Processed 54,000/137,776 texts...
[2025-02-08 15:39:08] - INFO - Processed 55,000/137,776 texts...
[2025-02-08 15:39:09] - INFO - Processed 56,000/137,776 texts...
[2025-02-08 15:39:10] - INFO - Processed 57,000/137,776 texts...
[2025-02-08 15:39:11] - INFO - Processed 58,000/137,776 texts...
[2025-02-08 15:39:13] - INFO - Processed 59,000/137,776 texts...
[2025-02-08 15:39:14] - INFO - Processed 60,000/137,776 texts...
[2025-02-08 15:39:15] - INFO - Processed 61,000/137,776 texts...
[2025-02-08 15:39:16] - INFO - Processed 62,000/137,776 texts...
[2025-02-08 15:39:18] - INFO - Processed 63,000/137,776 texts...
[2025-02-08 15:39:19] - INFO - Processed 64,000/137,776 texts...
[2025-02-08 15:39:19] - INFO - Processed 65,000/137,776 texts...
[2025-02-08 15:39:20] - INFO - Processed 66,000/137,776 texts...
[2025-02-08 15:39:21] - INFO - Processed 67,000/137,776 texts...
[2025-02-08 15:39:22] - INFO - Processed 68,000/137,776 texts...
[2025-02-08 15:39:23] - INFO - Processed 69,000/137,776 texts...
[2025-02-08 15:39:25] - INFO - Processed 70,000/137,776 texts...
[2025-02-08 15:39:26] - INFO - Processed 71,000/137,776 texts...
[2025-02-08 15:39:27] - INFO - Processed 72,000/137,776 texts...
[2025-02-08 15:39:28] - INFO - Processed 73,000/137,776 texts...
[2025-02-08 15:39:30] - INFO - Processed 74,000/137,776 texts...
[2025-02-08 15:39:31] - INFO - Processed 75,000/137,776 texts...
[2025-02-08 15:39:32] - INFO - Processed 76,000/137,776 texts...
[2025-02-08 15:39:33] - INFO - Processed 77,000/137,776 texts...
[2025-02-08 15:39:35] - INFO - Processed 78,000/137,776 texts...
[2025-02-08 15:39:36] - INFO - Processed 79,000/137,776 texts...
[2025-02-08 15:39:37] - INFO - Processed 80,000/137,776 texts...
[2025-02-08 15:39:38] - INFO - Processed 81,000/137,776 texts...
[2025-02-08 15:39:39] - INFO - Processed 82,000/137,776 texts...
[2025-02-08 15:39:41] - INFO - Processed 83,000/137,776 texts...
[2025-02-08 15:39:42] - INFO - Processed 84,000/137,776 texts...
[2025-02-08 15:39:43] - INFO - Processed 85,000/137,776 texts...
[2025-02-08 15:39:44] - INFO - Processed 86,000/137,776 texts...
[2025-02-08 15:39:45] - INFO - Processed 87,000/137,776 texts...
[2025-02-08 15:39:47] - INFO - Processed 88,000/137,776 texts...
[2025-02-08 15:39:48] - INFO - Processed 89,000/137,776 texts...
[2025-02-08 15:39:49] - INFO - Processed 90,000/137,776 texts...
[2025-02-08 15:39:49] - INFO - Processed 91,000/137,776 texts...
[2025-02-08 15:39:50] - INFO - Processed 92,000/137,776 texts...
[2025-02-08 15:39:51] - INFO - Processed 93,000/137,776 texts...
[2025-02-08 15:39:53] - INFO - Processed 94,000/137,776 texts...
[2025-02-08 15:39:54] - INFO - Processed 95,000/137,776 texts...
[2025-02-08 15:39:55] - INFO - Processed 96,000/137,776 texts...
[2025-02-08 15:39:56] - INFO - Processed 97,000/137,776 texts...
[2025-02-08 15:39:57] - INFO - Processed 98,000/137,776 texts...
[2025-02-08 15:39:59] - INFO - Processed 99,000/137,776 texts...
[2025-02-08 15:40:00] - INFO - Processed 100,000/137,776 texts...
[2025-02-08 15:40:01] - INFO - Processed 101,000/137,776 texts...
[2025-02-08 15:40:02] - INFO - Processed 102,000/137,776 texts...
[2025-02-08 15:40:03] - INFO - Processed 103,000/137,776 texts...
[2025-02-08 15:40:05] - INFO - Processed 104,000/137,776 texts...
[2025-02-08 15:40:06] - INFO - Processed 105,000/137,776 texts...
[2025-02-08 15:40:07] - INFO - Processed 106,000/137,776 texts...
[2025-02-08 15:40:08] - INFO - Processed 107,000/137,776 texts...
[2025-02-08 15:40:10] - INFO - Processed 108,000/137,776 texts...
[2025-02-08 15:40:11] - INFO - Processed 109,000/137,776 texts...
[2025-02-08 15:40:12] - INFO - Processed 110,000/137,776 texts...
[2025-02-08 15:40:13] - INFO - Processed 111,000/137,776 texts...
[2025-02-08 15:40:15] - INFO - Processed 112,000/137,776 texts...
[2025-02-08 15:40:16] - INFO - Processed 113,000/137,776 texts...
[2025-02-08 15:40:17] - INFO - Processed 114,000/137,776 texts...
[2025-02-08 15:40:19] - INFO - Processed 115,000/137,776 texts...
[2025-02-08 15:40:20] - INFO - Processed 116,000/137,776 texts...
[2025-02-08 15:40:20] - INFO - Processed 117,000/137,776 texts...
[2025-02-08 15:40:22] - INFO - Processed 118,000/137,776 texts...
[2025-02-08 15:40:23] - INFO - Processed 119,000/137,776 texts...
[2025-02-08 15:40:25] - INFO - Processed 120,000/137,776 texts...
[2025-02-08 15:40:26] - INFO - Processed 121,000/137,776 texts...
[2025-02-08 15:40:27] - INFO - Processed 122,000/137,776 texts...
[2025-02-08 15:40:29] - INFO - Processed 123,000/137,776 texts...
[2025-02-08 15:40:30] - INFO - Processed 124,000/137,776 texts...
[2025-02-08 15:40:32] - INFO - Processed 125,000/137,776 texts...
[2025-02-08 15:40:33] - INFO - Processed 126,000/137,776 texts...
[2025-02-08 15:40:35] - INFO - Processed 127,000/137,776 texts...
[2025-02-08 15:40:36] - INFO - Processed 128,000/137,776 texts...
[2025-02-08 15:40:37] - INFO - Processed 129,000/137,776 texts...
[2025-02-08 15:40:38] - INFO - Processed 130,000/137,776 texts...
[2025-02-08 15:40:40] - INFO - Processed 131,000/137,776 texts...
[2025-02-08 15:40:41] - INFO - Processed 132,000/137,776 texts...
[2025-02-08 15:40:42] - INFO - Processed 133,000/137,776 texts...
[2025-02-08 15:40:44] - INFO - Processed 134,000/137,776 texts...
[2025-02-08 15:40:45] - INFO - Processed 135,000/137,776 texts...
[2025-02-08 15:40:46] - INFO - Processed 136,000/137,776 texts...
[2025-02-08 15:40:48] - INFO - Processed 137,000/137,776 texts...
[2025-02-08 15:40:49] - INFO - Parallel processing completed in 182.34s
[2025-02-08 15:40:49] - INFO - Starting parallel processing of 137,776 texts...
[2025-02-08 15:44:03] - INFO - Loaded en_core_web_md model
[2025-02-08 15:44:03] - WARNING - Could not load financial domain-specific spaCy model. Using general model.
[2025-02-08 15:44:03] - INFO - Starting dataset processing pipeline...
[2025-02-08 15:44:07] - INFO - Successfully loaded 250000 records from /home/zahemen/datasets/reddit-finance-250k/Data.jsonl
[2025-02-08 15:44:07] - INFO - Initial dataset size: 250,000 records
[2025-02-08 15:44:07] - INFO - After score filtering: 137,812 records (55.1% retained)
[2025-02-08 15:44:39] - INFO - After text cleaning: 137,776 records (100.0% retained)
[2025-02-08 15:44:39] - INFO - Starting parallel processing of 137,776 texts...
[2025-02-08 15:47:26] - INFO - Loaded en_core_web_md model
[2025-02-08 15:47:26] - WARNING - Could not load financial domain-specific spaCy model. Using general model.
[2025-02-08 15:47:26] - INFO - Starting dataset processing pipeline...
[2025-02-08 15:47:30] - INFO - Successfully loaded 250000 records from /home/zahemen/datasets/reddit-finance-250k/Data.jsonl
[2025-02-08 15:47:30] - INFO - Initial dataset size: 250,000 records
[2025-02-08 15:47:30] - INFO - After score filtering: 137,812 records (55.1% retained)
[2025-02-08 15:47:59] - INFO - After text cleaning: 137,776 records (100.0% retained)
[2025-02-08 15:47:59] - INFO - Starting parallel processing of 137,776 texts...
[2025-02-08 15:48:11] - INFO - Processed 1,000/137,776 texts...
[2025-02-08 15:48:15] - INFO - Processed 2,000/137,776 texts...
[2025-02-08 15:48:20] - INFO - Processed 3,000/137,776 texts...
[2025-02-08 15:48:24] - INFO - Processed 4,000/137,776 texts...
[2025-02-08 15:48:28] - INFO - Processed 5,000/137,776 texts...
[2025-02-08 15:48:32] - INFO - Processed 6,000/137,776 texts...
[2025-02-08 15:48:36] - INFO - Processed 7,000/137,776 texts...
[2025-02-08 15:48:40] - INFO - Processed 8,000/137,776 texts...
[2025-02-08 15:48:43] - INFO - Processed 9,000/137,776 texts...
[2025-02-08 15:48:47] - INFO - Processed 10,000/137,776 texts...
[2025-02-08 15:48:51] - INFO - Processed 11,000/137,776 texts...
[2025-02-08 15:48:55] - INFO - Processed 12,000/137,776 texts...
[2025-02-08 15:48:59] - INFO - Processed 13,000/137,776 texts...
[2025-02-08 15:49:04] - INFO - Processed 14,000/137,776 texts...
[2025-02-08 15:49:08] - INFO - Processed 15,000/137,776 texts...
[2025-02-08 15:49:12] - INFO - Processed 16,000/137,776 texts...
[2025-02-08 15:49:15] - INFO - Processed 17,000/137,776 texts...
[2025-02-08 15:49:18] - INFO - Processed 18,000/137,776 texts...
[2025-02-08 15:49:22] - INFO - Processed 19,000/137,776 texts...
[2025-02-08 15:49:26] - INFO - Processed 20,000/137,776 texts...
[2025-02-08 15:49:30] - INFO - Processed 21,000/137,776 texts...
[2025-02-08 15:49:35] - INFO - Processed 22,000/137,776 texts...
[2025-02-08 15:49:39] - INFO - Processed 23,000/137,776 texts...
[2025-02-08 15:49:43] - INFO - Processed 24,000/137,776 texts...
[2025-02-08 15:49:46] - INFO - Processed 25,000/137,776 texts...
[2025-02-08 15:49:49] - INFO - Processed 26,000/137,776 texts...
[2025-02-08 15:49:53] - INFO - Processed 27,000/137,776 texts...
[2025-02-08 15:49:57] - INFO - Processed 28,000/137,776 texts...
[2025-02-08 15:50:01] - INFO - Processed 29,000/137,776 texts...
[2025-02-08 15:50:05] - INFO - Processed 30,000/137,776 texts...
[2025-02-08 15:50:09] - INFO - Processed 31,000/137,776 texts...
[2025-02-08 15:50:13] - INFO - Processed 32,000/137,776 texts...
[2025-02-08 15:50:17] - INFO - Processed 33,000/137,776 texts...
[2025-02-08 15:50:20] - INFO - Processed 34,000/137,776 texts...
[2025-02-08 15:50:24] - INFO - Processed 35,000/137,776 texts...
[2025-02-08 15:50:27] - INFO - Processed 36,000/137,776 texts...
[2025-02-08 15:50:31] - INFO - Processed 37,000/137,776 texts...
[2025-02-08 15:50:35] - INFO - Processed 38,000/137,776 texts...
[2025-02-08 15:50:39] - INFO - Processed 39,000/137,776 texts...
[2025-02-08 15:50:43] - INFO - Processed 40,000/137,776 texts...
[2025-02-08 15:50:47] - INFO - Processed 41,000/137,776 texts...
[2025-02-08 15:50:50] - INFO - Processed 42,000/137,776 texts...
[2025-02-08 15:50:54] - INFO - Processed 43,000/137,776 texts...
[2025-02-08 15:50:57] - INFO - Processed 44,000/137,776 texts...
[2025-02-08 15:51:01] - INFO - Processed 45,000/137,776 texts...
[2025-02-08 15:51:05] - INFO - Processed 46,000/137,776 texts...
[2025-02-08 15:51:09] - INFO - Processed 47,000/137,776 texts...
[2025-02-08 15:51:13] - INFO - Processed 48,000/137,776 texts...
[2025-02-08 15:51:17] - INFO - Processed 49,000/137,776 texts...
[2025-02-08 15:51:19] - INFO - Processed 50,000/137,776 texts...
[2025-02-08 15:51:23] - INFO - Processed 51,000/137,776 texts...
[2025-02-08 15:51:27] - INFO - Processed 52,000/137,776 texts...
[2025-02-08 15:51:31] - INFO - Processed 53,000/137,776 texts...
[2025-02-08 15:51:35] - INFO - Processed 54,000/137,776 texts...
[2025-02-08 15:51:39] - INFO - Processed 55,000/137,776 texts...
[2025-02-08 15:51:42] - INFO - Processed 56,000/137,776 texts...
[2025-02-08 15:51:46] - INFO - Processed 57,000/137,776 texts...
[2025-02-08 15:51:50] - INFO - Processed 58,000/137,776 texts...
[2025-02-08 15:51:53] - INFO - Processed 59,000/137,776 texts...
[2025-02-08 15:51:57] - INFO - Processed 60,000/137,776 texts...
[2025-02-08 15:52:00] - INFO - Processed 61,000/137,776 texts...
[2025-02-08 15:52:04] - INFO - Processed 62,000/137,776 texts...
[2025-02-08 15:52:08] - INFO - Processed 63,000/137,776 texts...
[2025-02-08 15:52:12] - INFO - Processed 64,000/137,776 texts...
[2025-02-08 15:52:16] - INFO - Processed 65,000/137,776 texts...
[2025-02-08 15:52:19] - INFO - Processed 66,000/137,776 texts...
[2025-02-08 15:52:22] - INFO - Processed 67,000/137,776 texts...
[2025-02-08 15:52:26] - INFO - Processed 68,000/137,776 texts...
[2025-02-08 15:52:30] - INFO - Processed 69,000/137,776 texts...
[2025-02-08 15:52:33] - INFO - Processed 70,000/137,776 texts...
[2025-02-08 15:52:37] - INFO - Processed 71,000/137,776 texts...
[2025-02-08 15:52:41] - INFO - Processed 72,000/137,776 texts...
[2025-02-08 15:52:45] - INFO - Processed 73,000/137,776 texts...
[2025-02-08 15:52:48] - INFO - Processed 74,000/137,776 texts...
[2025-02-08 15:52:52] - INFO - Processed 75,000/137,776 texts...
[2025-02-08 15:52:55] - INFO - Processed 76,000/137,776 texts...
[2025-02-08 15:52:59] - INFO - Processed 77,000/137,776 texts...
[2025-02-08 15:53:03] - INFO - Processed 78,000/137,776 texts...
[2025-02-08 15:53:06] - INFO - Processed 79,000/137,776 texts...
[2025-02-08 15:53:11] - INFO - Processed 80,000/137,776 texts...
[2025-02-08 15:53:14] - INFO - Processed 81,000/137,776 texts...
[2025-02-08 15:53:18] - INFO - Processed 82,000/137,776 texts...
[2025-02-08 15:53:22] - INFO - Processed 83,000/137,776 texts...
[2025-02-08 15:53:25] - INFO - Processed 84,000/137,776 texts...
[2025-02-08 15:53:28] - INFO - Processed 85,000/137,776 texts...
[2025-02-08 15:53:32] - INFO - Processed 86,000/137,776 texts...
[2025-02-08 15:53:36] - INFO - Processed 87,000/137,776 texts...
[2025-02-08 15:53:39] - INFO - Processed 88,000/137,776 texts...
[2025-02-08 15:53:43] - INFO - Processed 89,000/137,776 texts...
[2025-02-08 15:53:47] - INFO - Processed 90,000/137,776 texts...
[2025-02-08 15:53:51] - INFO - Processed 91,000/137,776 texts...
[2025-02-08 15:53:54] - INFO - Processed 92,000/137,776 texts...
[2025-02-08 15:53:57] - INFO - Processed 93,000/137,776 texts...
[2025-02-08 15:54:01] - INFO - Processed 94,000/137,776 texts...
[2025-02-08 15:54:05] - INFO - Processed 95,000/137,776 texts...
[2025-02-08 15:54:08] - INFO - Processed 96,000/137,776 texts...
[2025-02-08 15:54:12] - INFO - Processed 97,000/137,776 texts...
[2025-02-08 15:54:16] - INFO - Processed 98,000/137,776 texts...
[2025-02-08 15:54:20] - INFO - Processed 99,000/137,776 texts...
[2025-02-08 15:54:24] - INFO - Processed 100,000/137,776 texts...
[2025-02-08 15:54:27] - INFO - Processed 101,000/137,776 texts...
[2025-02-08 15:54:30] - INFO - Processed 102,000/137,776 texts...
[2025-02-08 15:54:34] - INFO - Processed 103,000/137,776 texts...
[2025-02-08 15:54:38] - INFO - Processed 104,000/137,776 texts...
[2025-02-08 15:54:42] - INFO - Processed 105,000/137,776 texts...
[2025-02-08 15:54:46] - INFO - Processed 106,000/137,776 texts...
[2025-02-08 15:54:49] - INFO - Processed 107,000/137,776 texts...
[2025-02-08 15:54:53] - INFO - Processed 108,000/137,776 texts...
[2025-02-08 15:54:57] - INFO - Processed 109,000/137,776 texts...
[2025-02-08 15:54:59] - INFO - Processed 110,000/137,776 texts...
[2025-02-08 15:55:03] - INFO - Processed 111,000/137,776 texts...
[2025-02-08 15:55:07] - INFO - Processed 112,000/137,776 texts...
[2025-02-08 15:55:11] - INFO - Processed 113,000/137,776 texts...
[2025-02-08 15:55:15] - INFO - Processed 114,000/137,776 texts...
[2025-02-08 15:55:18] - INFO - Processed 115,000/137,776 texts...
[2025-02-08 15:55:22] - INFO - Processed 116,000/137,776 texts...
[2025-02-08 15:55:26] - INFO - Processed 117,000/137,776 texts...
[2025-02-08 15:55:29] - INFO - Processed 118,000/137,776 texts...
[2025-02-08 15:55:32] - INFO - Processed 119,000/137,776 texts...
[2025-02-08 15:55:36] - INFO - Processed 120,000/137,776 texts...
[2025-02-08 15:55:39] - INFO - Processed 121,000/137,776 texts...
[2025-02-08 15:55:43] - INFO - Processed 122,000/137,776 texts...
[2025-02-08 15:55:47] - INFO - Processed 123,000/137,776 texts...
[2025-02-08 15:55:51] - INFO - Processed 124,000/137,776 texts...
[2025-02-08 15:55:54] - INFO - Processed 125,000/137,776 texts...
[2025-02-08 15:55:58] - INFO - Processed 126,000/137,776 texts...
[2025-02-08 15:56:02] - INFO - Processed 127,000/137,776 texts...
[2025-02-08 15:56:04] - INFO - Processed 128,000/137,776 texts...
[2025-02-08 15:56:08] - INFO - Processed 129,000/137,776 texts...
[2025-02-08 15:56:12] - INFO - Processed 130,000/137,776 texts...
[2025-02-08 15:56:16] - INFO - Processed 131,000/137,776 texts...
[2025-02-08 15:56:20] - INFO - Processed 132,000/137,776 texts...
[2025-02-08 15:56:23] - INFO - Processed 133,000/137,776 texts...
[2025-02-08 15:56:27] - INFO - Processed 134,000/137,776 texts...
[2025-02-08 15:56:31] - INFO - Processed 135,000/137,776 texts...
[2025-02-08 15:56:34] - INFO - Processed 136,000/137,776 texts...
[2025-02-08 15:56:37] - INFO - Processed 137,000/137,776 texts...
[2025-02-08 15:56:41] - INFO - Parallel processing completed in 521.18s
[2025-02-08 15:56:41] - INFO - Starting parallel processing of 137,776 texts...
[2025-02-08 15:56:51] - INFO - Processed 1,000/137,776 texts...
[2025-02-08 15:56:52] - INFO - Processed 2,000/137,776 texts...
[2025-02-08 15:56:53] - INFO - Processed 3,000/137,776 texts...
[2025-02-08 15:56:54] - INFO - Processed 4,000/137,776 texts...
[2025-02-08 15:56:55] - INFO - Processed 5,000/137,776 texts...
[2025-02-08 15:56:56] - INFO - Processed 6,000/137,776 texts...
[2025-02-08 15:56:57] - INFO - Processed 7,000/137,776 texts...
[2025-02-08 15:56:58] - INFO - Processed 8,000/137,776 texts...
[2025-02-08 15:56:59] - INFO - Processed 9,000/137,776 texts...
[2025-02-08 15:57:00] - INFO - Processed 10,000/137,776 texts...
[2025-02-08 15:57:01] - INFO - Processed 11,000/137,776 texts...
[2025-02-08 15:57:02] - INFO - Processed 12,000/137,776 texts...
[2025-02-08 15:57:03] - INFO - Processed 13,000/137,776 texts...
[2025-02-08 15:57:04] - INFO - Processed 14,000/137,776 texts...
[2025-02-08 15:57:04] - INFO - Processed 15,000/137,776 texts...
[2025-02-08 15:57:05] - INFO - Processed 16,000/137,776 texts...
[2025-02-08 15:57:07] - INFO - Processed 17,000/137,776 texts...
[2025-02-08 15:57:08] - INFO - Processed 18,000/137,776 texts...
[2025-02-08 15:57:09] - INFO - Processed 19,000/137,776 texts...
[2025-02-08 15:57:10] - INFO - Processed 20,000/137,776 texts...
[2025-02-08 15:57:11] - INFO - Processed 21,000/137,776 texts...
[2025-02-08 15:57:12] - INFO - Processed 22,000/137,776 texts...
[2025-02-08 15:57:13] - INFO - Processed 23,000/137,776 texts...
[2025-02-08 15:57:14] - INFO - Processed 24,000/137,776 texts...
[2025-02-08 15:57:15] - INFO - Processed 25,000/137,776 texts...
[2025-02-08 15:57:17] - INFO - Processed 26,000/137,776 texts...
[2025-02-08 15:57:18] - INFO - Processed 27,000/137,776 texts...
[2025-02-08 15:57:19] - INFO - Processed 28,000/137,776 texts...
[2025-02-08 15:57:20] - INFO - Processed 29,000/137,776 texts...
[2025-02-08 15:57:21] - INFO - Processed 30,000/137,776 texts...
[2025-02-08 15:57:22] - INFO - Processed 31,000/137,776 texts...
[2025-02-08 15:57:23] - INFO - Processed 32,000/137,776 texts...
[2025-02-08 15:57:24] - INFO - Processed 33,000/137,776 texts...
[2025-02-08 15:57:25] - INFO - Processed 34,000/137,776 texts...
[2025-02-08 15:57:26] - INFO - Processed 35,000/137,776 texts...
[2025-02-08 15:57:27] - INFO - Processed 36,000/137,776 texts...
[2025-02-08 15:57:28] - INFO - Processed 37,000/137,776 texts...
[2025-02-08 15:57:29] - INFO - Processed 38,000/137,776 texts...
[2025-02-08 15:57:30] - INFO - Processed 39,000/137,776 texts...
[2025-02-08 15:57:31] - INFO - Processed 40,000/137,776 texts...
[2025-02-08 15:57:33] - INFO - Processed 41,000/137,776 texts...
[2025-02-08 15:57:34] - INFO - Processed 42,000/137,776 texts...
[2025-02-08 15:57:35] - INFO - Processed 43,000/137,776 texts...
[2025-02-08 15:57:36] - INFO - Processed 44,000/137,776 texts...
[2025-02-08 15:57:36] - INFO - Processed 45,000/137,776 texts...
[2025-02-08 15:57:37] - INFO - Processed 46,000/137,776 texts...
[2025-02-08 15:57:38] - INFO - Processed 47,000/137,776 texts...
[2025-02-08 15:57:39] - INFO - Processed 48,000/137,776 texts...
[2025-02-08 15:57:40] - INFO - Processed 49,000/137,776 texts...
[2025-02-08 15:57:41] - INFO - Processed 50,000/137,776 texts...
[2025-02-08 15:57:42] - INFO - Processed 51,000/137,776 texts...
[2025-02-08 15:57:43] - INFO - Processed 52,000/137,776 texts...
[2025-02-08 15:57:44] - INFO - Processed 53,000/137,776 texts...
[2025-02-08 15:57:45] - INFO - Processed 54,000/137,776 texts...
[2025-02-08 15:57:46] - INFO - Processed 55,000/137,776 texts...
[2025-02-08 15:57:47] - INFO - Processed 56,000/137,776 texts...
[2025-02-08 15:57:48] - INFO - Processed 57,000/137,776 texts...
[2025-02-08 15:57:49] - INFO - Processed 58,000/137,776 texts...
[2025-02-08 15:57:50] - INFO - Processed 59,000/137,776 texts...
[2025-02-08 15:57:52] - INFO - Processed 60,000/137,776 texts...
[2025-02-08 15:57:53] - INFO - Processed 61,000/137,776 texts...
[2025-02-08 15:57:54] - INFO - Processed 62,000/137,776 texts...
[2025-02-08 15:57:55] - INFO - Processed 63,000/137,776 texts...
[2025-02-08 15:57:56] - INFO - Processed 64,000/137,776 texts...
[2025-02-08 15:57:57] - INFO - Processed 65,000/137,776 texts...
[2025-02-08 15:57:58] - INFO - Processed 66,000/137,776 texts...
[2025-02-08 15:57:59] - INFO - Processed 67,000/137,776 texts...
[2025-02-08 15:58:00] - INFO - Processed 68,000/137,776 texts...
[2025-02-08 15:58:01] - INFO - Processed 69,000/137,776 texts...
[2025-02-08 15:58:02] - INFO - Processed 70,000/137,776 texts...
[2025-02-08 15:58:03] - INFO - Processed 71,000/137,776 texts...
[2025-02-08 15:58:04] - INFO - Processed 72,000/137,776 texts...
[2025-02-08 15:58:05] - INFO - Processed 73,000/137,776 texts...
[2025-02-08 15:58:06] - INFO - Processed 74,000/137,776 texts...
[2025-02-08 15:58:07] - INFO - Processed 75,000/137,776 texts...
[2025-02-08 15:58:08] - INFO - Processed 76,000/137,776 texts...
[2025-02-08 15:58:09] - INFO - Processed 77,000/137,776 texts...
[2025-02-08 15:58:10] - INFO - Processed 78,000/137,776 texts...
[2025-02-08 15:58:11] - INFO - Processed 79,000/137,776 texts...
[2025-02-08 15:58:12] - INFO - Processed 80,000/137,776 texts...
[2025-02-08 15:58:13] - INFO - Processed 81,000/137,776 texts...
[2025-02-08 15:58:14] - INFO - Processed 82,000/137,776 texts...
[2025-02-08 15:58:15] - INFO - Processed 83,000/137,776 texts...
[2025-02-08 15:58:16] - INFO - Processed 84,000/137,776 texts...
[2025-02-08 15:58:17] - INFO - Processed 85,000/137,776 texts...
[2025-02-08 15:58:18] - INFO - Processed 86,000/137,776 texts...
[2025-02-08 15:58:19] - INFO - Processed 87,000/137,776 texts...
[2025-02-08 15:58:20] - INFO - Processed 88,000/137,776 texts...
[2025-02-08 15:58:21] - INFO - Processed 89,000/137,776 texts...
[2025-02-08 15:58:22] - INFO - Processed 90,000/137,776 texts...
[2025-02-08 15:58:23] - INFO - Processed 91,000/137,776 texts...
[2025-02-08 15:58:24] - INFO - Processed 92,000/137,776 texts...
[2025-02-08 15:58:26] - INFO - Processed 93,000/137,776 texts...
[2025-02-08 15:58:27] - INFO - Processed 94,000/137,776 texts...
[2025-02-08 15:58:28] - INFO - Processed 95,000/137,776 texts...
[2025-02-08 15:58:29] - INFO - Processed 96,000/137,776 texts...
[2025-02-08 15:58:30] - INFO - Processed 97,000/137,776 texts...
[2025-02-08 15:58:31] - INFO - Processed 98,000/137,776 texts...
[2025-02-08 15:58:32] - INFO - Processed 99,000/137,776 texts...
[2025-02-08 15:58:33] - INFO - Processed 100,000/137,776 texts...
[2025-02-08 15:58:34] - INFO - Processed 101,000/137,776 texts...
[2025-02-08 15:58:35] - INFO - Processed 102,000/137,776 texts...
[2025-02-08 15:58:36] - INFO - Processed 103,000/137,776 texts...
[2025-02-08 15:58:37] - INFO - Processed 104,000/137,776 texts...
[2025-02-08 15:58:38] - INFO - Processed 105,000/137,776 texts...
[2025-02-08 15:58:38] - INFO - Processed 106,000/137,776 texts...
[2025-02-08 15:58:39] - INFO - Processed 107,000/137,776 texts...
[2025-02-08 15:58:40] - INFO - Processed 108,000/137,776 texts...
[2025-02-08 15:58:42] - INFO - Processed 109,000/137,776 texts...
[2025-02-08 15:58:43] - INFO - Processed 110,000/137,776 texts...
[2025-02-08 15:58:44] - INFO - Processed 111,000/137,776 texts...
[2025-02-08 15:58:45] - INFO - Processed 112,000/137,776 texts...
[2025-02-08 15:58:46] - INFO - Processed 113,000/137,776 texts...
[2025-02-08 15:58:47] - INFO - Processed 114,000/137,776 texts...
[2025-02-08 15:58:48] - INFO - Processed 115,000/137,776 texts...
[2025-02-08 15:58:49] - INFO - Processed 116,000/137,776 texts...
[2025-02-08 15:58:50] - INFO - Processed 117,000/137,776 texts...
[2025-02-08 15:58:51] - INFO - Processed 118,000/137,776 texts...
[2025-02-08 15:58:52] - INFO - Processed 119,000/137,776 texts...
[2025-02-08 15:58:53] - INFO - Processed 120,000/137,776 texts...
[2025-02-08 15:58:54] - INFO - Processed 121,000/137,776 texts...
[2025-02-08 15:58:55] - INFO - Processed 122,000/137,776 texts...
[2025-02-08 15:58:56] - INFO - Processed 123,000/137,776 texts...
[2025-02-08 15:58:57] - INFO - Processed 124,000/137,776 texts...
[2025-02-08 15:58:58] - INFO - Processed 125,000/137,776 texts...
[2025-02-08 15:58:59] - INFO - Processed 126,000/137,776 texts...
[2025-02-08 15:59:01] - INFO - Processed 127,000/137,776 texts...
[2025-02-08 15:59:02] - INFO - Processed 128,000/137,776 texts...
[2025-02-08 15:59:03] - INFO - Processed 129,000/137,776 texts...
[2025-02-08 15:59:04] - INFO - Processed 130,000/137,776 texts...
[2025-02-08 15:59:05] - INFO - Processed 131,000/137,776 texts...
[2025-02-08 15:59:06] - INFO - Processed 132,000/137,776 texts...
[2025-02-08 15:59:07] - INFO - Processed 133,000/137,776 texts...
[2025-02-08 15:59:08] - INFO - Processed 134,000/137,776 texts...
[2025-02-08 15:59:09] - INFO - Processed 135,000/137,776 texts...
[2025-02-08 15:59:10] - INFO - Processed 136,000/137,776 texts...
[2025-02-08 15:59:10] - INFO - Processed 137,000/137,776 texts...
[2025-02-08 15:59:11] - INFO - Parallel processing completed in 150.29s
[2025-02-08 15:59:11] - INFO - Starting parallel processing of 137,776 texts...
[2025-02-08 16:03:17] - INFO - Processed 1,000/137,776 texts...
[2025-02-08 16:07:08] - INFO - Processed 2,000/137,776 texts...
[2025-02-08 16:10:40] - INFO - Processed 3,000/137,776 texts...
[2025-02-08 16:14:05] - INFO - Processed 4,000/137,776 texts...
[2025-02-09 11:09:59] - INFO - Loaded en_core_web_md model
[2025-02-09 11:09:59] - WARNING - Could not load financial domain-specific spaCy model. Using general model.
[2025-02-09 11:09:59] - INFO - Starting dataset processing pipeline...
[2025-02-09 11:10:02] - INFO - Successfully loaded 250000 records from /home/zahemen/datasets/reddit-finance-250k/Data.jsonl
[2025-02-09 11:10:02] - INFO - Initial dataset size: 250,000 records
[2025-02-09 11:10:02] - INFO - After score filtering: 137,812 records (55.1% retained)
[2025-02-09 11:10:30] - INFO - After text cleaning: 137,776 records (100.0% retained)
[2025-02-09 11:10:30] - INFO - Starting parallel processing of 137,776 texts...
[2025-02-09 11:10:42] - INFO - Processed 1,000/137,776 texts...
[2025-02-09 11:10:46] - INFO - Processed 2,000/137,776 texts...
[2025-02-09 11:10:49] - INFO - Processed 3,000/137,776 texts...
[2025-02-09 11:10:53] - INFO - Processed 4,000/137,776 texts...
[2025-02-09 11:10:57] - INFO - Processed 5,000/137,776 texts...
[2025-02-09 11:11:00] - INFO - Processed 6,000/137,776 texts...
[2025-02-09 11:11:03] - INFO - Processed 7,000/137,776 texts...
[2025-02-09 11:11:06] - INFO - Processed 8,000/137,776 texts...
[2025-02-09 11:11:09] - INFO - Processed 9,000/137,776 texts...
[2025-02-09 11:11:12] - INFO - Processed 10,000/137,776 texts...
[2025-02-09 11:11:15] - INFO - Processed 11,000/137,776 texts...
[2025-02-09 11:11:18] - INFO - Processed 12,000/137,776 texts...
[2025-02-09 11:11:22] - INFO - Processed 13,000/137,776 texts...
[2025-02-09 11:11:25] - INFO - Processed 14,000/137,776 texts...
[2025-02-09 11:11:28] - INFO - Processed 15,000/137,776 texts...
[2025-02-09 11:11:31] - INFO - Processed 16,000/137,776 texts...
[2025-02-09 11:11:34] - INFO - Processed 17,000/137,776 texts...
[2025-02-09 11:11:37] - INFO - Processed 18,000/137,776 texts...
[2025-02-09 11:11:41] - INFO - Processed 19,000/137,776 texts...
[2025-02-09 11:11:44] - INFO - Processed 20,000/137,776 texts...
[2025-02-09 11:11:48] - INFO - Processed 21,000/137,776 texts...
[2025-02-09 11:11:51] - INFO - Processed 22,000/137,776 texts...
[2025-02-09 11:11:54] - INFO - Processed 23,000/137,776 texts...
[2025-02-09 11:11:58] - INFO - Processed 24,000/137,776 texts...
[2025-02-09 11:12:01] - INFO - Processed 25,000/137,776 texts...
[2025-02-09 11:12:04] - INFO - Processed 26,000/137,776 texts...
[2025-02-09 11:12:07] - INFO - Processed 27,000/137,776 texts...
[2025-02-09 11:12:10] - INFO - Processed 28,000/137,776 texts...
[2025-02-09 11:12:13] - INFO - Processed 29,000/137,776 texts...
[2025-02-09 11:12:16] - INFO - Processed 30,000/137,776 texts...
[2025-02-09 11:12:19] - INFO - Processed 31,000/137,776 texts...
[2025-02-09 11:12:22] - INFO - Processed 32,000/137,776 texts...
[2025-02-09 11:12:25] - INFO - Processed 33,000/137,776 texts...
[2025-02-09 11:12:28] - INFO - Processed 34,000/137,776 texts...
[2025-02-09 11:12:31] - INFO - Processed 35,000/137,776 texts...
[2025-02-09 11:12:34] - INFO - Processed 36,000/137,776 texts...
[2025-02-09 11:12:36] - INFO - Processed 37,000/137,776 texts...
[2025-02-09 11:12:39] - INFO - Processed 38,000/137,776 texts...
[2025-02-09 11:12:42] - INFO - Processed 39,000/137,776 texts...
[2025-02-09 11:12:45] - INFO - Processed 40,000/137,776 texts...
[2025-02-09 11:12:48] - INFO - Processed 41,000/137,776 texts...
[2025-02-09 11:12:51] - INFO - Processed 42,000/137,776 texts...
[2025-02-09 11:12:54] - INFO - Processed 43,000/137,776 texts...
[2025-02-09 11:12:57] - INFO - Processed 44,000/137,776 texts...
[2025-02-09 11:13:00] - INFO - Processed 45,000/137,776 texts...
[2025-02-09 11:13:03] - INFO - Processed 46,000/137,776 texts...
[2025-02-09 11:13:06] - INFO - Processed 47,000/137,776 texts...
[2025-02-09 11:13:09] - INFO - Processed 48,000/137,776 texts...
[2025-02-09 11:13:12] - INFO - Processed 49,000/137,776 texts...
[2025-02-09 11:13:15] - INFO - Processed 50,000/137,776 texts...
[2025-02-09 11:13:18] - INFO - Processed 51,000/137,776 texts...
[2025-02-09 11:13:21] - INFO - Processed 52,000/137,776 texts...
[2025-02-09 11:13:24] - INFO - Processed 53,000/137,776 texts...
[2025-02-09 11:13:28] - INFO - Processed 54,000/137,776 texts...
[2025-02-09 11:13:32] - INFO - Processed 55,000/137,776 texts...
[2025-02-09 11:13:35] - INFO - Processed 56,000/137,776 texts...
[2025-02-09 11:13:38] - INFO - Processed 57,000/137,776 texts...
[2025-02-09 11:13:42] - INFO - Processed 58,000/137,776 texts...
[2025-02-09 11:13:45] - INFO - Processed 59,000/137,776 texts...
[2025-02-09 11:13:48] - INFO - Processed 60,000/137,776 texts...
[2025-02-09 11:13:52] - INFO - Processed 61,000/137,776 texts...
[2025-02-09 11:13:55] - INFO - Processed 62,000/137,776 texts...
[2025-02-09 11:13:58] - INFO - Processed 63,000/137,776 texts...
[2025-02-09 11:14:02] - INFO - Processed 64,000/137,776 texts...
[2025-02-09 11:14:05] - INFO - Processed 65,000/137,776 texts...
[2025-02-09 11:14:07] - INFO - Processed 66,000/137,776 texts...
[2025-02-09 11:14:10] - INFO - Processed 67,000/137,776 texts...
[2025-02-09 11:14:13] - INFO - Processed 68,000/137,776 texts...
[2025-02-09 11:14:16] - INFO - Processed 69,000/137,776 texts...
[2025-02-09 11:14:19] - INFO - Processed 70,000/137,776 texts...
[2025-02-09 11:14:22] - INFO - Processed 71,000/137,776 texts...
[2025-02-09 11:14:25] - INFO - Processed 72,000/137,776 texts...
[2025-02-09 11:14:28] - INFO - Processed 73,000/137,776 texts...
[2025-02-09 11:14:31] - INFO - Processed 74,000/137,776 texts...
[2025-02-09 11:14:34] - INFO - Processed 75,000/137,776 texts...
[2025-02-09 11:14:37] - INFO - Processed 76,000/137,776 texts...
[2025-02-09 11:14:40] - INFO - Processed 77,000/137,776 texts...
[2025-02-09 11:14:43] - INFO - Processed 78,000/137,776 texts...
[2025-02-09 11:14:46] - INFO - Processed 79,000/137,776 texts...
[2025-02-09 11:14:49] - INFO - Processed 80,000/137,776 texts...
[2025-02-09 11:14:52] - INFO - Processed 81,000/137,776 texts...
[2025-02-09 11:14:56] - INFO - Processed 82,000/137,776 texts...
[2025-02-09 11:15:00] - INFO - Processed 83,000/137,776 texts...
[2025-02-09 11:15:03] - INFO - Processed 84,000/137,776 texts...
[2025-02-09 11:15:06] - INFO - Processed 85,000/137,776 texts...
[2025-02-09 11:15:09] - INFO - Processed 86,000/137,776 texts...
[2025-02-09 11:15:13] - INFO - Processed 87,000/137,776 texts...
[2025-02-09 11:15:17] - INFO - Processed 88,000/137,776 texts...
[2025-02-09 11:15:20] - INFO - Processed 89,000/137,776 texts...
[2025-02-09 11:15:23] - INFO - Processed 90,000/137,776 texts...
[2025-02-09 11:15:27] - INFO - Processed 91,000/137,776 texts...
[2025-02-09 11:15:30] - INFO - Processed 92,000/137,776 texts...
[2025-02-09 11:15:34] - INFO - Processed 93,000/137,776 texts...
[2025-02-09 11:15:38] - INFO - Processed 94,000/137,776 texts...
[2025-02-09 11:15:41] - INFO - Processed 95,000/137,776 texts...
[2025-02-09 11:15:46] - INFO - Processed 96,000/137,776 texts...
[2025-02-09 11:15:49] - INFO - Processed 97,000/137,776 texts...
[2025-02-09 11:15:53] - INFO - Processed 98,000/137,776 texts...
[2025-02-09 11:15:56] - INFO - Processed 99,000/137,776 texts...
[2025-02-09 11:15:59] - INFO - Processed 100,000/137,776 texts...
[2025-02-09 11:16:03] - INFO - Processed 101,000/137,776 texts...
[2025-02-09 11:16:06] - INFO - Processed 102,000/137,776 texts...
[2025-02-09 11:16:09] - INFO - Processed 103,000/137,776 texts...
[2025-02-09 11:16:13] - INFO - Processed 104,000/137,776 texts...
[2025-02-09 11:16:17] - INFO - Processed 105,000/137,776 texts...
[2025-02-09 11:16:21] - INFO - Processed 106,000/137,776 texts...
[2025-02-09 11:16:24] - INFO - Processed 107,000/137,776 texts...
[2025-02-09 11:16:28] - INFO - Processed 108,000/137,776 texts...
[2025-02-09 11:16:31] - INFO - Processed 109,000/137,776 texts...
[2025-02-09 11:16:34] - INFO - Processed 110,000/137,776 texts...
[2025-02-09 11:16:38] - INFO - Processed 111,000/137,776 texts...
[2025-02-09 11:16:41] - INFO - Processed 112,000/137,776 texts...
[2025-02-09 11:16:44] - INFO - Processed 113,000/137,776 texts...
[2025-02-09 11:16:48] - INFO - Processed 114,000/137,776 texts...
[2025-02-09 11:16:50] - INFO - Processed 115,000/137,776 texts...
[2025-02-09 11:16:53] - INFO - Processed 116,000/137,776 texts...
[2025-02-09 11:16:56] - INFO - Processed 117,000/137,776 texts...
[2025-02-09 11:16:59] - INFO - Processed 118,000/137,776 texts...
[2025-02-09 11:17:02] - INFO - Processed 119,000/137,776 texts...
[2025-02-09 11:17:05] - INFO - Processed 120,000/137,776 texts...
[2025-02-09 11:17:09] - INFO - Processed 121,000/137,776 texts...
[2025-02-09 11:17:12] - INFO - Processed 122,000/137,776 texts...
[2025-02-09 11:17:16] - INFO - Processed 123,000/137,776 texts...
[2025-02-09 11:17:19] - INFO - Processed 124,000/137,776 texts...
[2025-02-09 11:17:23] - INFO - Processed 125,000/137,776 texts...
[2025-02-09 11:17:27] - INFO - Processed 126,000/137,776 texts...
[2025-02-09 11:17:31] - INFO - Processed 127,000/137,776 texts...
[2025-02-09 11:17:34] - INFO - Processed 128,000/137,776 texts...
[2025-02-09 11:17:38] - INFO - Processed 129,000/137,776 texts...
[2025-02-09 11:17:41] - INFO - Processed 130,000/137,776 texts...
[2025-02-09 11:17:45] - INFO - Processed 131,000/137,776 texts...
[2025-02-09 11:17:48] - INFO - Processed 132,000/137,776 texts...
[2025-02-09 11:17:51] - INFO - Processed 133,000/137,776 texts...
[2025-02-09 11:17:54] - INFO - Processed 134,000/137,776 texts...
[2025-02-09 11:17:57] - INFO - Processed 135,000/137,776 texts...
[2025-02-09 11:18:00] - INFO - Processed 136,000/137,776 texts...
[2025-02-09 11:18:03] - INFO - Processed 137,000/137,776 texts...
[2025-02-09 11:18:06] - INFO - Parallel processing completed in 455.50s
[2025-02-09 11:18:06] - INFO - Starting parallel processing of 137,776 texts...
[2025-02-09 11:18:15] - INFO - Processed 1,000/137,776 texts...
[2025-02-09 11:18:16] - INFO - Processed 2,000/137,776 texts...
[2025-02-09 11:18:17] - INFO - Processed 3,000/137,776 texts...
[2025-02-09 11:18:18] - INFO - Processed 4,000/137,776 texts...
[2025-02-09 11:18:19] - INFO - Processed 5,000/137,776 texts...
[2025-02-09 11:18:20] - INFO - Processed 6,000/137,776 texts...
[2025-02-09 11:18:21] - INFO - Processed 7,000/137,776 texts...
[2025-02-09 11:18:22] - INFO - Processed 8,000/137,776 texts...
[2025-02-09 11:18:23] - INFO - Processed 9,000/137,776 texts...
[2025-02-09 11:18:24] - INFO - Processed 10,000/137,776 texts...
[2025-02-09 11:18:25] - INFO - Processed 11,000/137,776 texts...
[2025-02-09 11:18:26] - INFO - Processed 12,000/137,776 texts...
[2025-02-09 11:18:27] - INFO - Processed 13,000/137,776 texts...
[2025-02-09 11:18:28] - INFO - Processed 14,000/137,776 texts...
[2025-02-09 11:18:29] - INFO - Processed 15,000/137,776 texts...
[2025-02-09 11:18:30] - INFO - Processed 16,000/137,776 texts...
[2025-02-09 11:18:31] - INFO - Processed 17,000/137,776 texts...
[2025-02-09 11:18:32] - INFO - Processed 18,000/137,776 texts...
[2025-02-09 11:18:33] - INFO - Processed 19,000/137,776 texts...
[2025-02-09 11:18:34] - INFO - Processed 20,000/137,776 texts...
[2025-02-09 11:18:35] - INFO - Processed 21,000/137,776 texts...
[2025-02-09 11:18:36] - INFO - Processed 22,000/137,776 texts...
[2025-02-09 11:18:37] - INFO - Processed 23,000/137,776 texts...
[2025-02-09 11:18:38] - INFO - Processed 24,000/137,776 texts...
[2025-02-09 11:18:39] - INFO - Processed 25,000/137,776 texts...
[2025-02-09 11:18:40] - INFO - Processed 26,000/137,776 texts...
[2025-02-09 11:18:41] - INFO - Processed 27,000/137,776 texts...
[2025-02-09 11:18:42] - INFO - Processed 28,000/137,776 texts...
[2025-02-09 11:18:43] - INFO - Processed 29,000/137,776 texts...
[2025-02-09 11:18:44] - INFO - Processed 30,000/137,776 texts...
[2025-02-09 11:18:46] - INFO - Processed 31,000/137,776 texts...
[2025-02-09 11:18:47] - INFO - Processed 32,000/137,776 texts...
[2025-02-09 11:18:48] - INFO - Processed 33,000/137,776 texts...
[2025-02-09 11:18:49] - INFO - Processed 34,000/137,776 texts...
[2025-02-09 11:18:50] - INFO - Processed 35,000/137,776 texts...
[2025-02-09 11:18:52] - INFO - Processed 36,000/137,776 texts...
[2025-02-09 11:18:53] - INFO - Processed 37,000/137,776 texts...
[2025-02-09 11:18:55] - INFO - Processed 38,000/137,776 texts...
[2025-02-09 11:18:56] - INFO - Processed 39,000/137,776 texts...
[2025-02-09 11:18:57] - INFO - Processed 40,000/137,776 texts...
[2025-02-09 11:18:58] - INFO - Processed 41,000/137,776 texts...
[2025-02-09 11:18:59] - INFO - Processed 42,000/137,776 texts...
[2025-02-09 11:19:00] - INFO - Processed 43,000/137,776 texts...
[2025-02-09 11:19:01] - INFO - Processed 44,000/137,776 texts...
[2025-02-09 11:19:02] - INFO - Processed 45,000/137,776 texts...
[2025-02-09 11:19:04] - INFO - Processed 46,000/137,776 texts...
[2025-02-09 11:19:05] - INFO - Processed 47,000/137,776 texts...
[2025-02-09 11:19:06] - INFO - Processed 48,000/137,776 texts...
[2025-02-09 11:19:07] - INFO - Processed 49,000/137,776 texts...
[2025-02-09 11:19:08] - INFO - Processed 50,000/137,776 texts...
[2025-02-09 11:19:09] - INFO - Processed 51,000/137,776 texts...
[2025-02-09 11:19:11] - INFO - Processed 52,000/137,776 texts...
[2025-02-09 11:19:12] - INFO - Processed 53,000/137,776 texts...
[2025-02-09 11:19:13] - INFO - Processed 54,000/137,776 texts...
[2025-02-09 11:19:14] - INFO - Processed 55,000/137,776 texts...
[2025-02-09 11:19:15] - INFO - Processed 56,000/137,776 texts...
[2025-02-09 11:19:16] - INFO - Processed 57,000/137,776 texts...
[2025-02-09 11:19:17] - INFO - Processed 58,000/137,776 texts...
[2025-02-09 11:19:19] - INFO - Processed 59,000/137,776 texts...
[2025-02-09 11:19:20] - INFO - Processed 60,000/137,776 texts...
[2025-02-09 11:19:20] - INFO - Processed 61,000/137,776 texts...
[2025-02-09 11:19:21] - INFO - Processed 62,000/137,776 texts...
[2025-02-09 11:19:22] - INFO - Processed 63,000/137,776 texts...
[2025-02-09 11:19:23] - INFO - Processed 64,000/137,776 texts...
[2025-02-09 11:19:24] - INFO - Processed 65,000/137,776 texts...
[2025-02-09 11:19:25] - INFO - Processed 66,000/137,776 texts...
[2025-02-09 11:19:26] - INFO - Processed 67,000/137,776 texts...
[2025-02-09 11:19:27] - INFO - Processed 68,000/137,776 texts...
[2025-02-09 11:19:28] - INFO - Processed 69,000/137,776 texts...
[2025-02-09 11:19:29] - INFO - Processed 70,000/137,776 texts...
[2025-02-09 11:19:30] - INFO - Processed 71,000/137,776 texts...
[2025-02-09 11:19:30] - INFO - Processed 72,000/137,776 texts...
[2025-02-09 11:19:31] - INFO - Processed 73,000/137,776 texts...
[2025-02-09 11:19:32] - INFO - Processed 74,000/137,776 texts...
[2025-02-09 11:19:33] - INFO - Processed 75,000/137,776 texts...
[2025-02-09 11:19:34] - INFO - Processed 76,000/137,776 texts...
[2025-02-09 11:19:36] - INFO - Processed 77,000/137,776 texts...
[2025-02-09 11:19:36] - INFO - Processed 78,000/137,776 texts...
[2025-02-09 11:19:37] - INFO - Processed 79,000/137,776 texts...
[2025-02-09 11:19:38] - INFO - Processed 80,000/137,776 texts...
[2025-02-09 11:19:40] - INFO - Processed 81,000/137,776 texts...
[2025-02-09 11:19:41] - INFO - Processed 82,000/137,776 texts...
[2025-02-09 11:19:42] - INFO - Processed 83,000/137,776 texts...
[2025-02-09 11:19:43] - INFO - Processed 84,000/137,776 texts...
[2025-02-09 11:19:44] - INFO - Processed 85,000/137,776 texts...
[2025-02-09 11:19:45] - INFO - Processed 86,000/137,776 texts...
[2025-02-09 11:19:46] - INFO - Processed 87,000/137,776 texts...
[2025-02-09 11:19:47] - INFO - Processed 88,000/137,776 texts...
[2025-02-09 11:19:48] - INFO - Processed 89,000/137,776 texts...
[2025-02-09 11:19:49] - INFO - Processed 90,000/137,776 texts...
[2025-02-09 11:19:50] - INFO - Processed 91,000/137,776 texts...
[2025-02-09 11:19:51] - INFO - Processed 92,000/137,776 texts...
[2025-02-09 11:19:53] - INFO - Processed 93,000/137,776 texts...
[2025-02-09 11:19:54] - INFO - Processed 94,000/137,776 texts...
[2025-02-09 11:19:55] - INFO - Processed 95,000/137,776 texts...
[2025-02-09 11:19:56] - INFO - Processed 96,000/137,776 texts...
[2025-02-09 11:19:57] - INFO - Processed 97,000/137,776 texts...
[2025-02-09 11:19:58] - INFO - Processed 98,000/137,776 texts...
[2025-02-09 11:19:59] - INFO - Processed 99,000/137,776 texts...
[2025-02-09 11:20:00] - INFO - Processed 100,000/137,776 texts...
[2025-02-09 11:20:01] - INFO - Processed 101,000/137,776 texts...
[2025-02-09 11:20:02] - INFO - Processed 102,000/137,776 texts...
[2025-02-09 11:20:03] - INFO - Processed 103,000/137,776 texts...
[2025-02-09 11:20:04] - INFO - Processed 104,000/137,776 texts...
[2025-02-09 11:20:06] - INFO - Processed 105,000/137,776 texts...
[2025-02-09 11:20:07] - INFO - Processed 106,000/137,776 texts...
[2025-02-09 11:20:08] - INFO - Processed 107,000/137,776 texts...
[2025-02-09 11:20:09] - INFO - Processed 108,000/137,776 texts...
[2025-02-09 11:20:10] - INFO - Processed 109,000/137,776 texts...
[2025-02-09 11:20:11] - INFO - Processed 110,000/137,776 texts...
[2025-02-09 11:20:12] - INFO - Processed 111,000/137,776 texts...
[2025-02-09 11:20:13] - INFO - Processed 112,000/137,776 texts...
[2025-02-09 11:20:14] - INFO - Processed 113,000/137,776 texts...
[2025-02-09 11:20:15] - INFO - Processed 114,000/137,776 texts...
[2025-02-09 11:20:16] - INFO - Processed 115,000/137,776 texts...
[2025-02-09 11:20:16] - INFO - Processed 116,000/137,776 texts...
[2025-02-09 11:20:17] - INFO - Processed 117,000/137,776 texts...
[2025-02-09 11:20:18] - INFO - Processed 118,000/137,776 texts...
[2025-02-09 11:20:19] - INFO - Processed 119,000/137,776 texts...
[2025-02-09 11:20:20] - INFO - Processed 120,000/137,776 texts...
[2025-02-09 11:20:21] - INFO - Processed 121,000/137,776 texts...
[2025-02-09 11:20:22] - INFO - Processed 122,000/137,776 texts...
[2025-02-09 11:20:23] - INFO - Processed 123,000/137,776 texts...
[2025-02-09 11:20:24] - INFO - Processed 124,000/137,776 texts...
[2025-02-09 11:20:25] - INFO - Processed 125,000/137,776 texts...
[2025-02-09 11:20:25] - INFO - Processed 126,000/137,776 texts...
[2025-02-09 11:20:26] - INFO - Processed 127,000/137,776 texts...
[2025-02-09 11:20:27] - INFO - Processed 128,000/137,776 texts...
[2025-02-09 11:20:28] - INFO - Processed 129,000/137,776 texts...
[2025-02-09 11:20:29] - INFO - Processed 130,000/137,776 texts...
[2025-02-09 11:20:30] - INFO - Processed 131,000/137,776 texts...
[2025-02-09 11:20:31] - INFO - Processed 132,000/137,776 texts...
[2025-02-09 11:20:32] - INFO - Processed 133,000/137,776 texts...
[2025-02-09 11:20:33] - INFO - Processed 134,000/137,776 texts...
[2025-02-09 11:20:34] - INFO - Processed 135,000/137,776 texts...
[2025-02-09 11:20:36] - INFO - Processed 136,000/137,776 texts...
[2025-02-09 11:20:37] - INFO - Processed 137,000/137,776 texts...
[2025-02-09 11:20:38] - INFO - Parallel processing completed in 151.80s
[2025-02-09 11:20:38] - INFO - Starting parallel processing of 137,776 texts...
[2025-02-09 11:24:35] - INFO - Processed 1,000/137,776 texts...
[2025-02-09 11:28:47] - INFO - Processed 2,000/137,776 texts...
[2025-02-09 11:32:52] - INFO - Processed 3,000/137,776 texts...
[2025-02-09 11:36:45] - INFO - Processed 4,000/137,776 texts...
[2025-02-09 11:40:42] - INFO - Processed 5,000/137,776 texts...
[2025-02-09 11:44:18] - INFO - Processed 6,000/137,776 texts...
